2025-11-23 02:57:19,109 - root - INFO - Logging configured. Level: INFO, Log File: logs\app.log
2025-11-23 02:57:20,776 - src.data_processor - INFO - Loading raw data from C:\Users\alnic\AppData\Local\Temp\tmpuyu5yhp_\test_books.csv...
2025-11-23 02:57:20,782 - src.data_processor - INFO - Loaded 4 rows.
2025-11-23 02:57:20,784 - src.data_processor - INFO - Starting data cleaning and preparation...
2025-11-23 02:57:20,784 - src.data_processor - INFO - Found columns in CSV: ['title', 'authors', 'genres', 'description', 'tags']
2025-11-23 02:57:20,801 - src.data_processor - WARNING - No 'book_id' column found. Generated 'id' from DataFrame index.
2025-11-23 02:57:20,815 - src.data_processor - WARNING - Dropped 1 rows with missing titles.
2025-11-23 02:57:20,816 - src.data_processor - INFO - Creating 'combined_text' for embeddings with weighted fields...
2025-11-23 02:57:20,822 - src.data_processor - INFO - Saving processed data to C:\Users\alnic\AppData\Local\Temp\tmpuyu5yhp_\test_books_cleaned.parquet...
2025-11-23 02:57:20,862 - src.data_processor - INFO - Successfully saved 3 processed rows.
2025-11-23 02:57:20,878 - src.data_processor - INFO - Loading raw data from C:\Users\alnic\AppData\Local\Temp\tmp79rzwmz6\test_books.csv...
2025-11-23 02:57:20,883 - src.data_processor - INFO - Loaded 0 rows.
2025-11-23 02:57:20,883 - src.data_processor - INFO - Starting data cleaning and preparation...
2025-11-23 02:57:20,883 - src.data_processor - INFO - Found columns in CSV: ['title', 'authors', 'genres', 'description', 'tags']
2025-11-23 02:57:20,894 - src.data_processor - WARNING - No 'book_id' column found. Generated 'id' from DataFrame index.
2025-11-23 02:57:20,901 - src.data_processor - ERROR - DataFrame is empty after cleaning. No valid book data to process.
2025-11-23 02:57:20,919 - src.data_processor - INFO - Loading raw data from C:\Users\alnic\AppData\Local\Temp\tmp1eb8z92d\test_books.csv...
2025-11-23 02:57:20,924 - src.data_processor - ERROR - Failed to parse CSV from C:\Users\alnic\AppData\Local\Temp\tmp1eb8z92d\test_books.csv: Error tokenizing data. C error: EOF inside string starting at row 2
2025-11-23 02:57:20,946 - src.data_processor - ERROR - Raw data file not found at: non_existent_file.csv
2025-11-23 02:57:20,997 - src.data_processor - INFO - Loading raw data from C:\Users\alnic\AppData\Local\Temp\tmpe_gwlet6\test_books.csv...
2025-11-23 02:57:21,015 - src.data_processor - INFO - Loaded 3 rows.
2025-11-23 02:57:21,015 - src.data_processor - INFO - Starting data cleaning and preparation...
2025-11-23 02:57:21,015 - src.data_processor - INFO - Found columns in CSV: ['title', 'authors', 'genres', 'description', 'tags']
2025-11-23 02:57:21,024 - src.data_processor - WARNING - No 'book_id' column found. Generated 'id' from DataFrame index.
2025-11-23 02:57:21,035 - src.data_processor - INFO - Creating 'combined_text' for embeddings with weighted fields...
2025-11-23 02:57:21,043 - src.data_processor - INFO - Saving processed data to C:\Users\alnic\AppData\Local\Temp\tmpe_gwlet6\test_books_cleaned.parquet...
2025-11-23 02:57:21,056 - src.data_processor - INFO - Successfully saved 3 processed rows.
2025-11-23 02:57:21,093 - src.embedder - INFO - Loading sentence-transformer model: all-MiniLM-L6-v2...
2025-11-23 02:57:21,093 - sentence_transformers.SentenceTransformer - INFO - Load pretrained SentenceTransformer: all-MiniLM-L6-v2
2025-11-23 02:57:28,510 - src.embedder - INFO - Model loaded successfully.
2025-11-23 02:57:28,515 - src.embedder - INFO - Generating embeddings for 3 books...
2025-11-23 02:57:29,957 - src.embedder - INFO - Embeddings generated with shape: (3, 384)
2025-11-23 02:57:30,044 - src.data_processor - INFO - Starting data cleaning and preparation...
2025-11-23 02:57:30,044 - src.data_processor - INFO - Found columns in CSV: ['title', 'authors', 'genres', 'description', 'tags']
2025-11-23 02:57:30,046 - src.data_processor - WARNING - No 'book_id' column found. Generated 'id' from DataFrame index.
2025-11-23 02:57:30,055 - src.data_processor - INFO - Creating 'combined_text' for embeddings with weighted fields...
2025-11-23 02:57:30,059 - src.embedder - INFO - Generating embeddings for 4 books...
2025-11-23 02:57:30,149 - src.embedder - INFO - Embeddings generated with shape: (4, 384)
2025-11-23 02:57:30,149 - src.recommender - INFO - Recommender initialized with FAISS index containing 4 vectors.
2025-11-23 02:57:30,149 - src.recommender - INFO - Found 1 recommendations for 'A Farewell to Arms'.
2025-11-23 02:57:30,169 - src.recommender - INFO - Recommender initialized with FAISS index containing 5 vectors.
2025-11-23 02:57:30,169 - src.recommender - INFO - Found 1 recommendations for 'alpha book'.
2025-11-23 02:57:30,188 - src.recommender - INFO - Recommender initialized with FAISS index containing 5 vectors.
2025-11-23 02:57:30,188 - src.recommender - WARNING - Title 'non existent book' not found in the dataset.
2025-11-23 02:57:30,194 - src.recommender - INFO - Recommender initialized with FAISS index containing 5 vectors.
2025-11-23 02:57:30,196 - src.recommender - INFO - Found 1 recommendations for 'beta book'.
2025-11-23 05:24:08,335 - root - INFO - Logging configured. Level: INFO, Log File: logs\app.log
2025-11-23 05:24:08,978 - src.book_recommender.data.processor - INFO - Loading raw data from C:\Users\alnic\AppData\Local\Temp\tmp527loyki\test_books.csv...
2025-11-23 05:24:08,982 - src.book_recommender.data.processor - INFO - Loaded 4 rows.
2025-11-23 05:24:08,983 - src.book_recommender.data.processor - INFO - Starting data cleaning and preparation...
2025-11-23 05:24:08,983 - src.book_recommender.data.processor - INFO - Found columns in CSV: ['title', 'authors', 'genres', 'description', 'tags']
2025-11-23 05:24:08,985 - src.book_recommender.data.processor - WARNING - No 'book_id' column found. Generated 'id' from DataFrame index.
2025-11-23 05:24:08,989 - src.book_recommender.data.processor - WARNING - Dropped 1 rows with missing titles.
2025-11-23 05:24:08,989 - src.book_recommender.data.processor - INFO - Creating 'combined_text' for embeddings with weighted fields...
2025-11-23 05:24:08,991 - src.book_recommender.data.processor - INFO - Saving processed data to C:\Users\alnic\AppData\Local\Temp\tmp527loyki\test_books_cleaned.parquet...
2025-11-23 05:24:09,015 - src.book_recommender.data.processor - INFO - Successfully saved 3 processed rows.
2025-11-23 05:24:09,024 - src.book_recommender.data.processor - INFO - Loading raw data from C:\Users\alnic\AppData\Local\Temp\tmpslgvdt7o\test_books.csv...
2025-11-23 05:24:09,028 - src.book_recommender.data.processor - INFO - Loaded 0 rows.
2025-11-23 05:24:09,029 - src.book_recommender.data.processor - INFO - Starting data cleaning and preparation...
2025-11-23 05:24:09,029 - src.book_recommender.data.processor - INFO - Found columns in CSV: ['title', 'authors', 'genres', 'description', 'tags']
2025-11-23 05:24:09,032 - src.book_recommender.data.processor - WARNING - No 'book_id' column found. Generated 'id' from DataFrame index.
2025-11-23 05:24:09,035 - src.book_recommender.data.processor - ERROR - DataFrame is empty after cleaning. No valid book data to process.
2025-11-23 05:24:09,042 - src.book_recommender.data.processor - INFO - Loading raw data from C:\Users\alnic\AppData\Local\Temp\tmpjvlgn2gk\test_books.csv...
2025-11-23 05:24:09,045 - src.book_recommender.data.processor - ERROR - Failed to parse CSV from C:\Users\alnic\AppData\Local\Temp\tmpjvlgn2gk\test_books.csv: Error tokenizing data. C error: EOF inside string starting at row 2
2025-11-23 05:24:09,138 - src.book_recommender.data.processor - ERROR - Raw data file not found at: non_existent_file.csv
2025-11-23 05:24:09,153 - src.book_recommender.data.processor - INFO - Loading raw data from C:\Users\alnic\AppData\Local\Temp\tmppa7rcua6\test_books.csv...
2025-11-23 05:24:09,156 - src.book_recommender.data.processor - INFO - Loaded 3 rows.
2025-11-23 05:24:09,157 - src.book_recommender.data.processor - INFO - Starting data cleaning and preparation...
2025-11-23 05:24:09,157 - src.book_recommender.data.processor - INFO - Found columns in CSV: ['title', 'authors', 'genres', 'description', 'tags']
2025-11-23 05:24:09,162 - src.book_recommender.data.processor - WARNING - No 'book_id' column found. Generated 'id' from DataFrame index.
2025-11-23 05:24:09,166 - src.book_recommender.data.processor - INFO - Creating 'combined_text' for embeddings with weighted fields...
2025-11-23 05:24:09,167 - src.book_recommender.data.processor - INFO - Saving processed data to C:\Users\alnic\AppData\Local\Temp\tmppa7rcua6\test_books_cleaned.parquet...
2025-11-23 05:24:09,171 - src.book_recommender.data.processor - INFO - Successfully saved 3 processed rows.
2025-11-23 05:24:09,203 - src.book_recommender.ml.embedder - INFO - Loading sentence-transformer model: all-MiniLM-L6-v2...
2025-11-23 05:24:09,204 - sentence_transformers.SentenceTransformer - INFO - Load pretrained SentenceTransformer: all-MiniLM-L6-v2
2025-11-23 05:24:13,903 - src.book_recommender.ml.embedder - INFO - Model loaded successfully.
2025-11-23 05:24:13,903 - src.book_recommender.ml.embedder - INFO - Generating embeddings for 3 books...
2025-11-23 05:24:15,319 - src.book_recommender.ml.embedder - INFO - Embeddings generated with shape: (3, 384)
2025-11-23 05:24:15,365 - src.book_recommender.data.processor - INFO - Starting data cleaning and preparation...
2025-11-23 05:24:15,365 - src.book_recommender.data.processor - INFO - Found columns in CSV: ['title', 'authors', 'genres', 'description', 'tags']
2025-11-23 05:24:15,368 - src.book_recommender.data.processor - WARNING - No 'book_id' column found. Generated 'id' from DataFrame index.
2025-11-23 05:24:15,372 - src.book_recommender.data.processor - INFO - Creating 'combined_text' for embeddings with weighted fields...
2025-11-23 05:24:15,373 - src.book_recommender.ml.embedder - INFO - Generating embeddings for 4 books...
2025-11-23 05:24:15,456 - src.book_recommender.ml.embedder - INFO - Embeddings generated with shape: (4, 384)
2025-11-23 05:24:15,457 - src.book_recommender.ml.recommender - INFO - Recommender initialized with FAISS index containing 4 vectors.
2025-11-23 05:24:15,457 - src.book_recommender.ml.recommender - INFO - Found 1 recommendations for 'A Farewell to Arms'.
2025-11-23 05:24:15,465 - src.book_recommender.ml.recommender - INFO - Recommender initialized with FAISS index containing 5 vectors.
2025-11-23 05:24:15,466 - src.book_recommender.ml.recommender - INFO - Found 1 recommendations for 'alpha book'.
2025-11-23 05:24:15,471 - src.book_recommender.ml.recommender - INFO - Recommender initialized with FAISS index containing 5 vectors.
2025-11-23 05:24:15,471 - src.book_recommender.ml.recommender - WARNING - Title 'non existent book' not found in the dataset.
2025-11-23 05:24:15,478 - src.book_recommender.ml.recommender - INFO - Recommender initialized with FAISS index containing 5 vectors.
2025-11-23 05:24:15,479 - src.book_recommender.ml.recommender - INFO - Found 1 recommendations for 'beta book'.
2025-11-23 05:25:09,055 - root - INFO - Logging configured. Level: INFO, Log File: logs\app.log
2025-11-23 05:25:09,194 - src.book_recommender.data.processor - INFO - Loading raw data from C:\Users\alnic\AppData\Local\Temp\tmp2xvvb4bn\test_books.csv...
2025-11-23 05:25:09,198 - src.book_recommender.data.processor - INFO - Loaded 4 rows.
2025-11-23 05:25:09,198 - src.book_recommender.data.processor - INFO - Starting data cleaning and preparation...
2025-11-23 05:25:09,198 - src.book_recommender.data.processor - INFO - Found columns in CSV: ['title', 'authors', 'genres', 'description', 'tags']
2025-11-23 05:25:09,200 - src.book_recommender.data.processor - WARNING - No 'book_id' column found. Generated 'id' from DataFrame index.
2025-11-23 05:25:09,205 - src.book_recommender.data.processor - WARNING - Dropped 1 rows with missing titles.
2025-11-23 05:25:09,205 - src.book_recommender.data.processor - INFO - Creating 'combined_text' for embeddings with weighted fields...
2025-11-23 05:25:09,206 - src.book_recommender.data.processor - INFO - Saving processed data to C:\Users\alnic\AppData\Local\Temp\tmp2xvvb4bn\test_books_cleaned.parquet...
2025-11-23 05:25:09,216 - src.book_recommender.data.processor - INFO - Successfully saved 3 processed rows.
2025-11-23 05:25:09,226 - src.book_recommender.data.processor - INFO - Loading raw data from C:\Users\alnic\AppData\Local\Temp\tmp_gr3re62\test_books.csv...
2025-11-23 05:25:09,230 - src.book_recommender.data.processor - INFO - Loaded 0 rows.
2025-11-23 05:25:09,230 - src.book_recommender.data.processor - INFO - Starting data cleaning and preparation...
2025-11-23 05:25:09,230 - src.book_recommender.data.processor - INFO - Found columns in CSV: ['title', 'authors', 'genres', 'description', 'tags']
2025-11-23 05:25:09,232 - src.book_recommender.data.processor - WARNING - No 'book_id' column found. Generated 'id' from DataFrame index.
2025-11-23 05:25:09,235 - src.book_recommender.data.processor - ERROR - DataFrame is empty after cleaning. No valid book data to process.
2025-11-23 05:25:09,240 - src.book_recommender.data.processor - INFO - Loading raw data from C:\Users\alnic\AppData\Local\Temp\tmp7oyvoeby\test_books.csv...
2025-11-23 05:25:09,244 - src.book_recommender.data.processor - ERROR - Failed to parse CSV from C:\Users\alnic\AppData\Local\Temp\tmp7oyvoeby\test_books.csv: Error tokenizing data. C error: EOF inside string starting at row 2
2025-11-23 05:25:09,340 - src.book_recommender.data.processor - ERROR - Raw data file not found at: non_existent_file.csv
2025-11-23 05:25:09,353 - src.book_recommender.data.processor - INFO - Loading raw data from C:\Users\alnic\AppData\Local\Temp\tmpzb96pfz6\test_books.csv...
2025-11-23 05:25:09,356 - src.book_recommender.data.processor - INFO - Loaded 3 rows.
2025-11-23 05:25:09,356 - src.book_recommender.data.processor - INFO - Starting data cleaning and preparation...
2025-11-23 05:25:09,356 - src.book_recommender.data.processor - INFO - Found columns in CSV: ['title', 'authors', 'genres', 'description', 'tags']
2025-11-23 05:25:09,358 - src.book_recommender.data.processor - WARNING - No 'book_id' column found. Generated 'id' from DataFrame index.
2025-11-23 05:25:09,365 - src.book_recommender.data.processor - INFO - Creating 'combined_text' for embeddings with weighted fields...
2025-11-23 05:25:09,366 - src.book_recommender.data.processor - INFO - Saving processed data to C:\Users\alnic\AppData\Local\Temp\tmpzb96pfz6\test_books_cleaned.parquet...
2025-11-23 05:25:09,370 - src.book_recommender.data.processor - INFO - Successfully saved 3 processed rows.
2025-11-23 05:25:09,397 - src.book_recommender.ml.embedder - INFO - Loading sentence-transformer model: all-MiniLM-L6-v2...
2025-11-23 05:25:09,397 - sentence_transformers.SentenceTransformer - INFO - Load pretrained SentenceTransformer: all-MiniLM-L6-v2
2025-11-23 05:25:14,433 - src.book_recommender.ml.embedder - INFO - Model loaded successfully.
2025-11-23 05:25:14,433 - src.book_recommender.ml.embedder - INFO - Generating embeddings for 3 books...
2025-11-23 05:25:15,898 - src.book_recommender.ml.embedder - INFO - Embeddings generated with shape: (3, 384)
2025-11-23 05:25:15,950 - src.book_recommender.data.processor - INFO - Starting data cleaning and preparation...
2025-11-23 05:25:15,950 - src.book_recommender.data.processor - INFO - Found columns in CSV: ['title', 'authors', 'genres', 'description', 'tags']
2025-11-23 05:25:15,953 - src.book_recommender.data.processor - WARNING - No 'book_id' column found. Generated 'id' from DataFrame index.
2025-11-23 05:25:15,963 - src.book_recommender.data.processor - INFO - Creating 'combined_text' for embeddings with weighted fields...
2025-11-23 05:25:15,965 - src.book_recommender.ml.embedder - INFO - Generating embeddings for 4 books...
2025-11-23 05:25:16,080 - src.book_recommender.ml.embedder - INFO - Embeddings generated with shape: (4, 384)
2025-11-23 05:25:16,081 - src.book_recommender.ml.recommender - INFO - Recommender initialized with FAISS index containing 4 vectors.
2025-11-23 05:25:16,081 - src.book_recommender.ml.recommender - INFO - Found 1 recommendations for 'A Farewell to Arms'.
2025-11-23 05:25:16,086 - src.book_recommender.ml.recommender - INFO - Recommender initialized with FAISS index containing 5 vectors.
2025-11-23 05:25:16,087 - src.book_recommender.ml.recommender - INFO - Found 1 recommendations for 'alpha book'.
2025-11-23 05:25:16,090 - src.book_recommender.ml.recommender - INFO - Recommender initialized with FAISS index containing 5 vectors.
2025-11-23 05:25:16,090 - src.book_recommender.ml.recommender - WARNING - Title 'non existent book' not found in the dataset.
2025-11-23 05:25:16,094 - src.book_recommender.ml.recommender - INFO - Recommender initialized with FAISS index containing 5 vectors.
2025-11-23 05:25:16,095 - src.book_recommender.ml.recommender - INFO - Found 1 recommendations for 'beta book'.
2025-11-23 05:26:18,739 - root - INFO - Logging configured. Level: INFO, Log File: logs\app.log
2025-11-23 05:26:18,876 - src.book_recommender.data.processor - INFO - Loading raw data from C:\Users\alnic\AppData\Local\Temp\tmp9dm92qze\test_books.csv...
2025-11-23 05:26:18,880 - src.book_recommender.data.processor - INFO - Loaded 4 rows.
2025-11-23 05:26:18,881 - src.book_recommender.data.processor - INFO - Starting data cleaning and preparation...
2025-11-23 05:26:18,881 - src.book_recommender.data.processor - INFO - Found columns in CSV: ['title', 'authors', 'genres', 'description', 'tags']
2025-11-23 05:26:18,883 - src.book_recommender.data.processor - WARNING - No 'book_id' column found. Generated 'id' from DataFrame index.
2025-11-23 05:26:18,887 - src.book_recommender.data.processor - WARNING - Dropped 1 rows with missing titles.
2025-11-23 05:26:18,887 - src.book_recommender.data.processor - INFO - Creating 'combined_text' for embeddings with weighted fields...
2025-11-23 05:26:18,889 - src.book_recommender.data.processor - INFO - Saving processed data to C:\Users\alnic\AppData\Local\Temp\tmp9dm92qze\test_books_cleaned.parquet...
2025-11-23 05:26:18,899 - src.book_recommender.data.processor - INFO - Successfully saved 3 processed rows.
2025-11-23 05:26:18,908 - src.book_recommender.data.processor - INFO - Loading raw data from C:\Users\alnic\AppData\Local\Temp\tmp6exa3mux\test_books.csv...
2025-11-23 05:26:18,912 - src.book_recommender.data.processor - INFO - Loaded 0 rows.
2025-11-23 05:26:18,912 - src.book_recommender.data.processor - INFO - Starting data cleaning and preparation...
2025-11-23 05:26:18,912 - src.book_recommender.data.processor - INFO - Found columns in CSV: ['title', 'authors', 'genres', 'description', 'tags']
2025-11-23 05:26:18,915 - src.book_recommender.data.processor - WARNING - No 'book_id' column found. Generated 'id' from DataFrame index.
2025-11-23 05:26:18,917 - src.book_recommender.data.processor - ERROR - DataFrame is empty after cleaning. No valid book data to process.
2025-11-23 05:26:18,923 - src.book_recommender.data.processor - INFO - Loading raw data from C:\Users\alnic\AppData\Local\Temp\tmpqo0pyulf\test_books.csv...
2025-11-23 05:26:18,925 - src.book_recommender.data.processor - ERROR - Failed to parse CSV from C:\Users\alnic\AppData\Local\Temp\tmpqo0pyulf\test_books.csv: Error tokenizing data. C error: EOF inside string starting at row 2
2025-11-23 05:26:19,036 - src.book_recommender.data.processor - ERROR - Raw data file not found at: non_existent_file.csv
2025-11-23 05:26:19,049 - src.book_recommender.data.processor - INFO - Loading raw data from C:\Users\alnic\AppData\Local\Temp\tmpvoqo06nz\test_books.csv...
2025-11-23 05:26:19,051 - src.book_recommender.data.processor - INFO - Loaded 3 rows.
2025-11-23 05:26:19,051 - src.book_recommender.data.processor - INFO - Starting data cleaning and preparation...
2025-11-23 05:26:19,051 - src.book_recommender.data.processor - INFO - Found columns in CSV: ['title', 'authors', 'genres', 'description', 'tags']
2025-11-23 05:26:19,053 - src.book_recommender.data.processor - WARNING - No 'book_id' column found. Generated 'id' from DataFrame index.
2025-11-23 05:26:19,056 - src.book_recommender.data.processor - INFO - Creating 'combined_text' for embeddings with weighted fields...
2025-11-23 05:26:19,058 - src.book_recommender.data.processor - INFO - Saving processed data to C:\Users\alnic\AppData\Local\Temp\tmpvoqo06nz\test_books_cleaned.parquet...
2025-11-23 05:26:19,064 - src.book_recommender.data.processor - INFO - Successfully saved 3 processed rows.
2025-11-23 05:26:19,098 - src.book_recommender.ml.embedder - INFO - Loading sentence-transformer model: all-MiniLM-L6-v2...
2025-11-23 05:26:19,098 - sentence_transformers.SentenceTransformer - INFO - Load pretrained SentenceTransformer: all-MiniLM-L6-v2
2025-11-23 05:26:25,147 - src.book_recommender.ml.embedder - INFO - Model loaded successfully.
2025-11-23 05:26:25,148 - src.book_recommender.ml.embedder - INFO - Generating embeddings for 3 books...
2025-11-23 05:26:26,443 - src.book_recommender.ml.embedder - INFO - Embeddings generated with shape: (3, 384)
2025-11-23 05:26:26,504 - src.book_recommender.data.processor - INFO - Starting data cleaning and preparation...
2025-11-23 05:26:26,505 - src.book_recommender.data.processor - INFO - Found columns in CSV: ['title', 'authors', 'genres', 'description', 'tags']
2025-11-23 05:26:26,507 - src.book_recommender.data.processor - WARNING - No 'book_id' column found. Generated 'id' from DataFrame index.
2025-11-23 05:26:26,514 - src.book_recommender.data.processor - INFO - Creating 'combined_text' for embeddings with weighted fields...
2025-11-23 05:26:26,516 - src.book_recommender.ml.embedder - INFO - Generating embeddings for 4 books...
2025-11-23 05:26:26,593 - src.book_recommender.ml.embedder - INFO - Embeddings generated with shape: (4, 384)
2025-11-23 05:26:26,594 - src.book_recommender.ml.recommender - INFO - Recommender initialized with FAISS index containing 4 vectors.
2025-11-23 05:26:26,594 - src.book_recommender.ml.recommender - INFO - Found 1 recommendations for 'A Farewell to Arms'.
2025-11-23 05:26:26,599 - src.book_recommender.ml.recommender - INFO - Recommender initialized with FAISS index containing 5 vectors.
2025-11-23 05:26:26,600 - src.book_recommender.ml.recommender - INFO - Found 1 recommendations for 'alpha book'.
2025-11-23 05:26:26,604 - src.book_recommender.ml.recommender - INFO - Recommender initialized with FAISS index containing 5 vectors.
2025-11-23 05:26:26,604 - src.book_recommender.ml.recommender - WARNING - Title 'non existent book' not found in the dataset.
2025-11-23 05:26:26,609 - src.book_recommender.ml.recommender - INFO - Recommender initialized with FAISS index containing 5 vectors.
2025-11-23 05:26:26,609 - src.book_recommender.ml.recommender - INFO - Found 1 recommendations for 'beta book'.
2025-11-23 05:28:12,733 - root - INFO - Logging configured. Level: INFO, Log File: logs\app.log
2025-11-23 05:28:13,364 - src.book_recommender.data.processor - INFO - Loading raw data from C:\Users\alnic\AppData\Local\Temp\tmp7osvyvzp\test_books.csv...
2025-11-23 05:28:13,368 - src.book_recommender.data.processor - INFO - Loaded 4 rows.
2025-11-23 05:28:13,368 - src.book_recommender.data.processor - INFO - Starting data cleaning and preparation...
2025-11-23 05:28:13,368 - src.book_recommender.data.processor - INFO - Found columns in CSV: ['title', 'authors', 'genres', 'description', 'tags']
2025-11-23 05:28:13,368 - src.book_recommender.data.processor - WARNING - No 'book_id' column found. Generated 'id' from DataFrame index.
2025-11-23 05:28:13,378 - src.book_recommender.data.processor - WARNING - Dropped 1 rows with missing titles.
2025-11-23 05:28:13,378 - src.book_recommender.data.processor - INFO - Creating 'combined_text' for embeddings with weighted fields...
2025-11-23 05:28:13,378 - src.book_recommender.data.processor - INFO - Saving processed data to C:\Users\alnic\AppData\Local\Temp\tmp7osvyvzp\test_books_cleaned.parquet...
2025-11-23 05:28:13,410 - src.book_recommender.data.processor - INFO - Successfully saved 3 processed rows.
2025-11-23 05:28:13,416 - src.book_recommender.data.processor - INFO - Loading raw data from C:\Users\alnic\AppData\Local\Temp\tmp_e54k05h\test_books.csv...
2025-11-23 05:28:13,426 - src.book_recommender.data.processor - INFO - Loaded 0 rows.
2025-11-23 05:28:13,426 - src.book_recommender.data.processor - INFO - Starting data cleaning and preparation...
2025-11-23 05:28:13,426 - src.book_recommender.data.processor - INFO - Found columns in CSV: ['title', 'authors', 'genres', 'description', 'tags']
2025-11-23 05:28:13,431 - src.book_recommender.data.processor - WARNING - No 'book_id' column found. Generated 'id' from DataFrame index.
2025-11-23 05:28:13,439 - src.book_recommender.data.processor - ERROR - DataFrame is empty after cleaning. No valid book data to process.
2025-11-23 05:28:13,461 - src.book_recommender.data.processor - INFO - Loading raw data from C:\Users\alnic\AppData\Local\Temp\tmpdwu4mgoi\test_books.csv...
2025-11-23 05:28:13,465 - src.book_recommender.data.processor - ERROR - Failed to parse CSV from C:\Users\alnic\AppData\Local\Temp\tmpdwu4mgoi\test_books.csv: Error tokenizing data. C error: EOF inside string starting at row 2
2025-11-23 05:28:13,599 - src.book_recommender.data.processor - ERROR - Raw data file not found at: non_existent_file.csv
2025-11-23 05:28:13,621 - src.book_recommender.data.processor - INFO - Loading raw data from C:\Users\alnic\AppData\Local\Temp\tmpn0bg3_iw\test_books.csv...
2025-11-23 05:28:13,624 - src.book_recommender.data.processor - INFO - Loaded 3 rows.
2025-11-23 05:28:13,625 - src.book_recommender.data.processor - INFO - Starting data cleaning and preparation...
2025-11-23 05:28:13,625 - src.book_recommender.data.processor - INFO - Found columns in CSV: ['title', 'authors', 'genres', 'description', 'tags']
2025-11-23 05:28:13,626 - src.book_recommender.data.processor - WARNING - No 'book_id' column found. Generated 'id' from DataFrame index.
2025-11-23 05:28:13,626 - src.book_recommender.data.processor - INFO - Creating 'combined_text' for embeddings with weighted fields...
2025-11-23 05:28:13,626 - src.book_recommender.data.processor - INFO - Saving processed data to C:\Users\alnic\AppData\Local\Temp\tmpn0bg3_iw\test_books_cleaned.parquet...
2025-11-23 05:28:13,641 - src.book_recommender.data.processor - INFO - Successfully saved 3 processed rows.
2025-11-23 05:28:13,697 - src.book_recommender.ml.embedder - INFO - Loading sentence-transformer model: all-MiniLM-L6-v2...
2025-11-23 05:28:13,697 - sentence_transformers.SentenceTransformer - INFO - Load pretrained SentenceTransformer: all-MiniLM-L6-v2
2025-11-23 05:28:19,097 - src.book_recommender.ml.embedder - INFO - Model loaded successfully.
2025-11-23 05:28:19,097 - src.book_recommender.ml.embedder - INFO - Generating embeddings for 3 books...
2025-11-23 05:28:20,870 - src.book_recommender.ml.embedder - INFO - Embeddings generated with shape: (3, 384)
2025-11-23 05:28:20,891 - src.book_recommender.data.processor - INFO - Starting data cleaning and preparation...
2025-11-23 05:28:20,891 - src.book_recommender.data.processor - INFO - Found columns in CSV: ['title', 'authors', 'genres', 'description', 'tags']
2025-11-23 05:28:20,894 - src.book_recommender.data.processor - WARNING - No 'book_id' column found. Generated 'id' from DataFrame index.
2025-11-23 05:28:20,895 - src.book_recommender.data.processor - INFO - Creating 'combined_text' for embeddings with weighted fields...
2025-11-23 05:28:20,895 - src.book_recommender.ml.embedder - INFO - Generating embeddings for 4 books...
2025-11-23 05:28:20,958 - src.book_recommender.ml.embedder - INFO - Embeddings generated with shape: (4, 384)
2025-11-23 05:28:20,958 - src.book_recommender.ml.recommender - INFO - Recommender initialized with FAISS index containing 4 vectors.
2025-11-23 05:28:20,958 - src.book_recommender.ml.recommender - INFO - Found 1 recommendations for 'A Farewell to Arms'.
2025-11-23 05:28:20,974 - src.book_recommender.ml.recommender - INFO - Recommender initialized with FAISS index containing 5 vectors.
2025-11-23 05:28:20,974 - src.book_recommender.ml.recommender - INFO - Found 1 recommendations for 'alpha book'.
2025-11-23 05:28:20,978 - src.book_recommender.ml.recommender - INFO - Recommender initialized with FAISS index containing 5 vectors.
2025-11-23 05:28:20,980 - src.book_recommender.ml.recommender - WARNING - Title 'non existent book' not found in the dataset.
2025-11-23 05:28:20,980 - src.book_recommender.ml.recommender - INFO - Recommender initialized with FAISS index containing 5 vectors.
2025-11-23 05:28:20,980 - src.book_recommender.ml.recommender - INFO - Found 1 recommendations for 'beta book'.
2025-11-23 05:30:18,057 - root - INFO - Logging configured. Level: INFO, Log File: logs\app.log
2025-11-23 05:30:18,196 - src.book_recommender.data.processor - INFO - Loading raw data from C:\Users\alnic\AppData\Local\Temp\tmpjt0a20su\test_books.csv...
2025-11-23 05:30:18,200 - src.book_recommender.data.processor - INFO - Loaded 4 rows.
2025-11-23 05:30:18,200 - src.book_recommender.data.processor - INFO - Starting data cleaning and preparation...
2025-11-23 05:30:18,200 - src.book_recommender.data.processor - INFO - Found columns in CSV: ['title', 'authors', 'genres', 'description', 'tags']
2025-11-23 05:30:18,200 - src.book_recommender.data.processor - WARNING - No 'book_id' column found. Generated 'id' from DataFrame index.
2025-11-23 05:30:18,200 - src.book_recommender.data.processor - WARNING - Dropped 1 rows with missing titles.
2025-11-23 05:30:18,200 - src.book_recommender.data.processor - INFO - Creating 'combined_text' for embeddings with weighted fields...
2025-11-23 05:30:18,216 - src.book_recommender.data.processor - INFO - Saving processed data to C:\Users\alnic\AppData\Local\Temp\tmpjt0a20su\test_books_cleaned.parquet...
2025-11-23 05:30:18,240 - src.book_recommender.data.processor - INFO - Successfully saved 3 processed rows.
2025-11-23 05:30:18,248 - src.book_recommender.data.processor - INFO - Loading raw data from C:\Users\alnic\AppData\Local\Temp\tmpcjif6ybk\test_books.csv...
2025-11-23 05:30:18,250 - src.book_recommender.data.processor - INFO - Loaded 0 rows.
2025-11-23 05:30:18,250 - src.book_recommender.data.processor - INFO - Starting data cleaning and preparation...
2025-11-23 05:30:18,250 - src.book_recommender.data.processor - INFO - Found columns in CSV: ['title', 'authors', 'genres', 'description', 'tags']
2025-11-23 05:30:18,250 - src.book_recommender.data.processor - WARNING - No 'book_id' column found. Generated 'id' from DataFrame index.
2025-11-23 05:30:18,250 - src.book_recommender.data.processor - ERROR - DataFrame is empty after cleaning. No valid book data to process.
2025-11-23 05:30:18,262 - src.book_recommender.data.processor - INFO - Loading raw data from C:\Users\alnic\AppData\Local\Temp\tmpzalzrgp4\test_books.csv...
2025-11-23 05:30:18,264 - src.book_recommender.data.processor - ERROR - Failed to parse CSV from C:\Users\alnic\AppData\Local\Temp\tmpzalzrgp4\test_books.csv: Error tokenizing data. C error: EOF inside string starting at row 2
2025-11-23 05:30:18,348 - src.book_recommender.data.processor - ERROR - Raw data file not found at: non_existent_file.csv
2025-11-23 05:30:18,358 - src.book_recommender.data.processor - INFO - Loading raw data from C:\Users\alnic\AppData\Local\Temp\tmp12i1owno\test_books.csv...
2025-11-23 05:30:18,358 - src.book_recommender.data.processor - INFO - Loaded 3 rows.
2025-11-23 05:30:18,358 - src.book_recommender.data.processor - INFO - Starting data cleaning and preparation...
2025-11-23 05:30:18,358 - src.book_recommender.data.processor - INFO - Found columns in CSV: ['title', 'authors', 'genres', 'description', 'tags']
2025-11-23 05:30:18,358 - src.book_recommender.data.processor - WARNING - No 'book_id' column found. Generated 'id' from DataFrame index.
2025-11-23 05:30:18,358 - src.book_recommender.data.processor - INFO - Creating 'combined_text' for embeddings with weighted fields...
2025-11-23 05:30:18,373 - src.book_recommender.data.processor - INFO - Saving processed data to C:\Users\alnic\AppData\Local\Temp\tmp12i1owno\test_books_cleaned.parquet...
2025-11-23 05:30:18,375 - src.book_recommender.data.processor - INFO - Successfully saved 3 processed rows.
2025-11-23 05:30:18,402 - src.book_recommender.ml.embedder - INFO - Loading sentence-transformer model: all-MiniLM-L6-v2...
2025-11-23 05:30:18,405 - sentence_transformers.SentenceTransformer - INFO - Load pretrained SentenceTransformer: all-MiniLM-L6-v2
2025-11-23 05:30:23,339 - src.book_recommender.ml.embedder - INFO - Model loaded successfully.
2025-11-23 05:30:23,339 - src.book_recommender.ml.embedder - INFO - Generating embeddings for 3 books...
2025-11-23 05:30:24,609 - src.book_recommender.ml.embedder - INFO - Embeddings generated with shape: (3, 384)
2025-11-23 05:30:24,644 - src.book_recommender.data.processor - INFO - Starting data cleaning and preparation...
2025-11-23 05:30:24,644 - src.book_recommender.data.processor - INFO - Found columns in CSV: ['title', 'authors', 'genres', 'description', 'tags']
2025-11-23 05:30:24,646 - src.book_recommender.data.processor - WARNING - No 'book_id' column found. Generated 'id' from DataFrame index.
2025-11-23 05:30:24,650 - src.book_recommender.data.processor - INFO - Creating 'combined_text' for embeddings with weighted fields...
2025-11-23 05:30:24,650 - src.book_recommender.ml.embedder - INFO - Generating embeddings for 4 books...
2025-11-23 05:30:24,705 - src.book_recommender.ml.embedder - INFO - Embeddings generated with shape: (4, 384)
2025-11-23 05:30:24,705 - src.book_recommender.ml.recommender - INFO - Recommender initialized with FAISS index containing 4 vectors.
2025-11-23 05:30:24,705 - src.book_recommender.ml.recommender - INFO - Found 1 recommendations for 'A Farewell to Arms'.
2025-11-23 05:30:24,716 - src.book_recommender.ml.recommender - INFO - Recommender initialized with FAISS index containing 5 vectors.
2025-11-23 05:30:24,717 - src.book_recommender.ml.recommender - INFO - Found 1 recommendations for 'alpha book'.
2025-11-23 05:30:24,720 - src.book_recommender.ml.recommender - INFO - Recommender initialized with FAISS index containing 5 vectors.
2025-11-23 05:30:24,720 - src.book_recommender.ml.recommender - WARNING - Title 'non existent book' not found in the dataset.
2025-11-23 05:30:24,720 - src.book_recommender.ml.recommender - INFO - Recommender initialized with FAISS index containing 5 vectors.
2025-11-23 05:30:24,720 - src.book_recommender.ml.recommender - INFO - Found 1 recommendations for 'beta book'.
2025-11-23 05:32:58,041 - root - INFO - Logging configured. Level: INFO, Log File: logs\app.log
2025-11-23 05:32:58,168 - src.book_recommender.data.processor - INFO - Loading raw data from C:\Users\alnic\AppData\Local\Temp\tmprek3htv6\test_books.csv...
2025-11-23 05:32:58,168 - src.book_recommender.data.processor - INFO - Loaded 4 rows.
2025-11-23 05:32:58,168 - src.book_recommender.data.processor - INFO - Starting data cleaning and preparation...
2025-11-23 05:32:58,168 - src.book_recommender.data.processor - INFO - Found columns in CSV: ['title', 'authors', 'genres', 'description', 'tags']
2025-11-23 05:32:58,183 - src.book_recommender.data.processor - WARNING - No 'book_id' column found. Generated 'id' from DataFrame index.
2025-11-23 05:32:58,183 - src.book_recommender.data.processor - WARNING - Dropped 1 rows with missing titles.
2025-11-23 05:32:58,183 - src.book_recommender.data.processor - INFO - Creating 'combined_text' for embeddings with weighted fields...
2025-11-23 05:32:58,183 - src.book_recommender.data.processor - INFO - Saving processed data to C:\Users\alnic\AppData\Local\Temp\tmprek3htv6\test_books_cleaned.parquet...
2025-11-23 05:32:58,215 - src.book_recommender.data.processor - INFO - Successfully saved 3 processed rows.
2025-11-23 05:32:58,222 - src.book_recommender.data.processor - INFO - Loading raw data from C:\Users\alnic\AppData\Local\Temp\tmp7e8mjzg1\test_books.csv...
2025-11-23 05:32:58,222 - src.book_recommender.data.processor - INFO - Loaded 0 rows.
2025-11-23 05:32:58,222 - src.book_recommender.data.processor - INFO - Starting data cleaning and preparation...
2025-11-23 05:32:58,222 - src.book_recommender.data.processor - INFO - Found columns in CSV: ['title', 'authors', 'genres', 'description', 'tags']
2025-11-23 05:32:58,222 - src.book_recommender.data.processor - WARNING - No 'book_id' column found. Generated 'id' from DataFrame index.
2025-11-23 05:32:58,231 - src.book_recommender.data.processor - ERROR - DataFrame is empty after cleaning. No valid book data to process.
2025-11-23 05:32:58,241 - src.book_recommender.data.processor - INFO - Loading raw data from C:\Users\alnic\AppData\Local\Temp\tmp94x6lp06\test_books.csv...
2025-11-23 05:32:58,243 - src.book_recommender.data.processor - ERROR - Failed to parse CSV from C:\Users\alnic\AppData\Local\Temp\tmp94x6lp06\test_books.csv: Error tokenizing data. C error: EOF inside string starting at row 2
2025-11-23 05:32:58,342 - src.book_recommender.data.processor - ERROR - Raw data file not found at: non_existent_file.csv
2025-11-23 05:32:58,354 - src.book_recommender.data.processor - INFO - Loading raw data from C:\Users\alnic\AppData\Local\Temp\tmp_0hsh2v_\test_books.csv...
2025-11-23 05:32:58,358 - src.book_recommender.data.processor - INFO - Loaded 3 rows.
2025-11-23 05:32:58,358 - src.book_recommender.data.processor - INFO - Starting data cleaning and preparation...
2025-11-23 05:32:58,358 - src.book_recommender.data.processor - INFO - Found columns in CSV: ['title', 'authors', 'genres', 'description', 'tags']
2025-11-23 05:32:58,361 - src.book_recommender.data.processor - WARNING - No 'book_id' column found. Generated 'id' from DataFrame index.
2025-11-23 05:32:58,366 - src.book_recommender.data.processor - INFO - Creating 'combined_text' for embeddings with weighted fields...
2025-11-23 05:32:58,366 - src.book_recommender.data.processor - INFO - Saving processed data to C:\Users\alnic\AppData\Local\Temp\tmp_0hsh2v_\test_books_cleaned.parquet...
2025-11-23 05:32:58,370 - src.book_recommender.data.processor - INFO - Successfully saved 3 processed rows.
2025-11-23 05:32:58,396 - src.book_recommender.ml.embedder - INFO - Loading sentence-transformer model: all-MiniLM-L6-v2...
2025-11-23 05:32:58,396 - sentence_transformers.SentenceTransformer - INFO - Load pretrained SentenceTransformer: all-MiniLM-L6-v2
2025-11-23 05:33:03,523 - src.book_recommender.ml.embedder - INFO - Model loaded successfully.
2025-11-23 05:33:03,523 - src.book_recommender.ml.embedder - INFO - Generating embeddings for 3 books...
2025-11-23 05:33:04,773 - src.book_recommender.ml.embedder - INFO - Embeddings generated with shape: (3, 384)
2025-11-23 05:33:04,791 - src.book_recommender.data.processor - INFO - Starting data cleaning and preparation...
2025-11-23 05:33:04,791 - src.book_recommender.data.processor - INFO - Found columns in CSV: ['title', 'authors', 'genres', 'description', 'tags']
2025-11-23 05:33:04,791 - src.book_recommender.data.processor - WARNING - No 'book_id' column found. Generated 'id' from DataFrame index.
2025-11-23 05:33:04,791 - src.book_recommender.data.processor - INFO - Creating 'combined_text' for embeddings with weighted fields...
2025-11-23 05:33:04,802 - src.book_recommender.ml.embedder - INFO - Generating embeddings for 4 books...
2025-11-23 05:33:04,867 - src.book_recommender.ml.embedder - INFO - Embeddings generated with shape: (4, 384)
2025-11-23 05:33:04,867 - src.book_recommender.ml.recommender - INFO - Recommender initialized with FAISS index containing 4 vectors.
2025-11-23 05:33:04,869 - src.book_recommender.ml.recommender - INFO - Found 1 recommendations for 'A Farewell to Arms'.
2025-11-23 05:33:04,879 - src.book_recommender.ml.recommender - INFO - Recommender initialized with FAISS index containing 5 vectors.
2025-11-23 05:33:04,879 - src.book_recommender.ml.recommender - INFO - Found 1 recommendations for 'alpha book'.
2025-11-23 05:33:04,883 - src.book_recommender.ml.recommender - INFO - Recommender initialized with FAISS index containing 5 vectors.
2025-11-23 05:33:04,883 - src.book_recommender.ml.recommender - WARNING - Title 'non existent book' not found in the dataset.
2025-11-23 05:33:04,887 - src.book_recommender.ml.recommender - INFO - Recommender initialized with FAISS index containing 5 vectors.
2025-11-23 05:33:04,887 - src.book_recommender.ml.recommender - INFO - Found 1 recommendations for 'beta book'.
2025-11-23 05:36:12,400 - root - INFO - Logging configured. Level: INFO, Log File: logs\app.log
2025-11-23 05:36:12,526 - src.book_recommender.data.processor - INFO - Loading raw data from C:\Users\alnic\AppData\Local\Temp\tmpetmiudtj\test_books.csv...
2025-11-23 05:36:12,530 - src.book_recommender.data.processor - INFO - Loaded 4 rows.
2025-11-23 05:36:12,530 - src.book_recommender.data.processor - INFO - Starting data cleaning and preparation...
2025-11-23 05:36:12,530 - src.book_recommender.data.processor - INFO - Found columns in CSV: ['title', 'authors', 'genres', 'description', 'tags']
2025-11-23 05:36:12,530 - src.book_recommender.data.processor - WARNING - No 'book_id' column found. Generated 'id' from DataFrame index.
2025-11-23 05:36:12,530 - src.book_recommender.data.processor - WARNING - Dropped 1 rows with missing titles.
2025-11-23 05:36:12,530 - src.book_recommender.data.processor - INFO - Creating 'combined_text' for embeddings with weighted fields...
2025-11-23 05:36:12,530 - src.book_recommender.data.processor - INFO - Saving processed data to C:\Users\alnic\AppData\Local\Temp\tmpetmiudtj\test_books_cleaned.parquet...
2025-11-23 05:36:12,549 - src.book_recommender.data.processor - INFO - Successfully saved 3 processed rows.
2025-11-23 05:36:12,566 - src.book_recommender.data.processor - INFO - Loading raw data from C:\Users\alnic\AppData\Local\Temp\tmpao4ul4wt\test_books.csv...
2025-11-23 05:36:12,568 - src.book_recommender.data.processor - INFO - Loaded 0 rows.
2025-11-23 05:36:12,568 - src.book_recommender.data.processor - INFO - Starting data cleaning and preparation...
2025-11-23 05:36:12,571 - src.book_recommender.data.processor - INFO - Found columns in CSV: ['title', 'authors', 'genres', 'description', 'tags']
2025-11-23 05:36:12,573 - src.book_recommender.data.processor - WARNING - No 'book_id' column found. Generated 'id' from DataFrame index.
2025-11-23 05:36:12,574 - src.book_recommender.data.processor - ERROR - DataFrame is empty after cleaning. No valid book data to process.
2025-11-23 05:36:12,582 - src.book_recommender.data.processor - INFO - Loading raw data from C:\Users\alnic\AppData\Local\Temp\tmp4sy_j76i\test_books.csv...
2025-11-23 05:36:12,584 - src.book_recommender.data.processor - ERROR - Failed to parse CSV from C:\Users\alnic\AppData\Local\Temp\tmp4sy_j76i\test_books.csv: Error tokenizing data. C error: EOF inside string starting at row 2
2025-11-23 05:36:12,679 - src.book_recommender.data.processor - ERROR - Raw data file not found at: non_existent_file.csv
2025-11-23 05:36:12,692 - src.book_recommender.data.processor - INFO - Loading raw data from C:\Users\alnic\AppData\Local\Temp\tmptrt937eq\test_books.csv...
2025-11-23 05:36:12,697 - src.book_recommender.data.processor - INFO - Loaded 3 rows.
2025-11-23 05:36:12,697 - src.book_recommender.data.processor - INFO - Starting data cleaning and preparation...
2025-11-23 05:36:12,697 - src.book_recommender.data.processor - INFO - Found columns in CSV: ['title', 'authors', 'genres', 'description', 'tags']
2025-11-23 05:36:12,699 - src.book_recommender.data.processor - WARNING - No 'book_id' column found. Generated 'id' from DataFrame index.
2025-11-23 05:36:12,703 - src.book_recommender.data.processor - INFO - Creating 'combined_text' for embeddings with weighted fields...
2025-11-23 05:36:12,703 - src.book_recommender.data.processor - INFO - Saving processed data to C:\Users\alnic\AppData\Local\Temp\tmptrt937eq\test_books_cleaned.parquet...
2025-11-23 05:36:12,709 - src.book_recommender.data.processor - INFO - Successfully saved 3 processed rows.
2025-11-23 05:36:12,739 - src.book_recommender.ml.embedder - INFO - Loading sentence-transformer model: all-MiniLM-L6-v2...
2025-11-23 05:36:12,739 - sentence_transformers.SentenceTransformer - INFO - Load pretrained SentenceTransformer: all-MiniLM-L6-v2
2025-11-23 05:36:17,771 - src.book_recommender.ml.embedder - INFO - Model loaded successfully.
2025-11-23 05:36:17,771 - src.book_recommender.ml.embedder - INFO - Generating embeddings for 3 books...
2025-11-23 05:36:19,013 - src.book_recommender.ml.embedder - INFO - Embeddings generated with shape: (3, 384)
2025-11-23 05:36:19,038 - src.book_recommender.data.processor - INFO - Starting data cleaning and preparation...
2025-11-23 05:36:19,038 - src.book_recommender.data.processor - INFO - Found columns in CSV: ['title', 'authors', 'genres', 'description', 'tags']
2025-11-23 05:36:19,038 - src.book_recommender.data.processor - WARNING - No 'book_id' column found. Generated 'id' from DataFrame index.
2025-11-23 05:36:19,038 - src.book_recommender.data.processor - INFO - Creating 'combined_text' for embeddings with weighted fields...
2025-11-23 05:36:19,038 - src.book_recommender.ml.embedder - INFO - Generating embeddings for 4 books...
2025-11-23 05:36:19,101 - src.book_recommender.ml.embedder - INFO - Embeddings generated with shape: (4, 384)
2025-11-23 05:36:19,101 - src.book_recommender.ml.recommender - INFO - Recommender initialized with FAISS index containing 4 vectors.
2025-11-23 05:36:19,101 - src.book_recommender.ml.recommender - INFO - Found 1 recommendations for 'A Farewell to Arms'.
2025-11-23 05:36:19,118 - src.book_recommender.ml.recommender - INFO - Recommender initialized with FAISS index containing 5 vectors.
2025-11-23 05:36:19,118 - src.book_recommender.ml.recommender - INFO - Found 1 recommendations for 'alpha book'.
2025-11-23 05:36:19,122 - src.book_recommender.ml.recommender - INFO - Recommender initialized with FAISS index containing 5 vectors.
2025-11-23 05:36:19,122 - src.book_recommender.ml.recommender - WARNING - Title 'non existent book' not found in the dataset.
2025-11-23 05:36:19,122 - src.book_recommender.ml.recommender - INFO - Recommender initialized with FAISS index containing 5 vectors.
2025-11-23 05:36:19,122 - src.book_recommender.ml.recommender - INFO - Found 1 recommendations for 'beta book'.
2025-11-23 07:29:50,141 - root - INFO - Logging configured. Level: INFO, Log File: logs\app.log
2025-11-23 07:29:50,687 - src.book_recommender.data.processor - INFO - Loading raw data from C:\Users\alnic\AppData\Local\Temp\tmpdfzzvzeg\test_books.csv...
2025-11-23 07:29:50,768 - src.book_recommender.data.processor - INFO - Loaded 4 rows.
2025-11-23 07:29:50,768 - src.book_recommender.data.processor - INFO - Starting data cleaning and preparation...
2025-11-23 07:29:50,768 - src.book_recommender.data.processor - INFO - Found columns in CSV: ['title', 'authors', 'genres', 'description', 'tags']
2025-11-23 07:29:50,955 - src.book_recommender.data.processor - WARNING - No 'book_id' column found. Generated 'id' from DataFrame index.
2025-11-23 07:29:51,053 - src.book_recommender.data.processor - WARNING - Dropped 1 rows with missing titles.
2025-11-23 07:29:51,053 - src.book_recommender.data.processor - INFO - Creating 'combined_text' for embeddings with weighted fields...
2025-11-23 07:29:51,060 - src.book_recommender.data.processor - INFO - Saving processed data to C:\Users\alnic\AppData\Local\Temp\tmpdfzzvzeg\test_books_cleaned.parquet...
2025-11-23 07:29:52,503 - src.book_recommender.data.processor - INFO - Successfully saved 3 processed rows.
2025-11-23 07:29:52,535 - src.book_recommender.data.processor - INFO - Loading raw data from C:\Users\alnic\AppData\Local\Temp\tmpexw8jchw\test_books.csv...
2025-11-23 07:29:52,551 - src.book_recommender.data.processor - INFO - Loaded 0 rows.
2025-11-23 07:29:52,551 - src.book_recommender.data.processor - INFO - Starting data cleaning and preparation...
2025-11-23 07:29:52,551 - src.book_recommender.data.processor - INFO - Found columns in CSV: ['title', 'authors', 'genres', 'description', 'tags']
2025-11-23 07:29:52,551 - src.book_recommender.data.processor - WARNING - No 'book_id' column found. Generated 'id' from DataFrame index.
2025-11-23 07:29:52,551 - src.book_recommender.data.processor - ERROR - DataFrame is empty after cleaning. No valid book data to process.
2025-11-23 07:29:52,616 - src.book_recommender.data.processor - INFO - Loading raw data from C:\Users\alnic\AppData\Local\Temp\tmpa4wstmif\test_books.csv...
2025-11-23 07:29:52,649 - src.book_recommender.data.processor - ERROR - Failed to parse CSV from C:\Users\alnic\AppData\Local\Temp\tmpa4wstmif\test_books.csv: Error tokenizing data. C error: EOF inside string starting at row 2
2025-11-23 07:29:53,219 - src.book_recommender.data.processor - ERROR - Raw data file not found at: non_existent_file.csv
2025-11-23 07:29:53,224 - src.book_recommender.data.processor - INFO - Loading raw data from C:\Users\alnic\AppData\Local\Temp\tmpf5v87j5w\test_books.csv...
2025-11-23 07:29:53,242 - src.book_recommender.data.processor - INFO - Loaded 3 rows.
2025-11-23 07:29:53,242 - src.book_recommender.data.processor - INFO - Starting data cleaning and preparation...
2025-11-23 07:29:53,242 - src.book_recommender.data.processor - INFO - Found columns in CSV: ['title', 'authors', 'genres', 'description', 'tags']
2025-11-23 07:29:53,242 - src.book_recommender.data.processor - WARNING - No 'book_id' column found. Generated 'id' from DataFrame index.
2025-11-23 07:29:53,250 - src.book_recommender.data.processor - INFO - Creating 'combined_text' for embeddings with weighted fields...
2025-11-23 07:29:53,250 - src.book_recommender.data.processor - INFO - Saving processed data to C:\Users\alnic\AppData\Local\Temp\tmpf5v87j5w\test_books_cleaned.parquet...
2025-11-23 07:29:53,250 - src.book_recommender.data.processor - INFO - Successfully saved 3 processed rows.
2025-11-23 07:29:56,599 - src.book_recommender.ml.embedder - INFO - Loading sentence-transformer model: all-MiniLM-L6-v2...
2025-11-23 07:29:56,599 - sentence_transformers.SentenceTransformer - INFO - Load pretrained SentenceTransformer: all-MiniLM-L6-v2
2025-11-23 07:30:10,210 - src.book_recommender.ml.embedder - INFO - Model loaded successfully.
2025-11-23 07:30:10,210 - src.book_recommender.ml.embedder - INFO - Generating embeddings for 3 books...
2025-11-23 07:30:21,803 - src.book_recommender.ml.embedder - INFO - Embeddings generated with shape: (3, 384)
2025-11-23 07:30:21,923 - src.book_recommender.data.processor - INFO - Starting data cleaning and preparation...
2025-11-23 07:30:21,923 - src.book_recommender.data.processor - INFO - Found columns in CSV: ['title', 'authors', 'genres', 'description', 'tags']
2025-11-23 07:30:21,939 - src.book_recommender.data.processor - WARNING - No 'book_id' column found. Generated 'id' from DataFrame index.
2025-11-23 07:30:21,939 - src.book_recommender.data.processor - INFO - Creating 'combined_text' for embeddings with weighted fields...
2025-11-23 07:30:21,939 - src.book_recommender.ml.embedder - INFO - Generating embeddings for 4 books...
2025-11-23 07:30:22,130 - src.book_recommender.ml.embedder - INFO - Embeddings generated with shape: (4, 384)
2025-11-23 07:30:22,256 - src.book_recommender.ml.recommender - INFO - Recommender initialized with FAISS index containing 4 vectors.
2025-11-23 07:30:22,288 - src.book_recommender.ml.recommender - INFO - Found 1 recommendations for 'A Farewell to Arms'.
2025-11-23 07:30:22,315 - src.book_recommender.ml.recommender - INFO - Recommender initialized with FAISS index containing 5 vectors.
2025-11-23 07:30:22,316 - src.book_recommender.ml.recommender - INFO - Found 1 recommendations for 'alpha book'.
2025-11-23 07:30:22,321 - src.book_recommender.ml.recommender - INFO - Recommender initialized with FAISS index containing 5 vectors.
2025-11-23 07:30:22,321 - src.book_recommender.ml.recommender - WARNING - Title 'non existent book' not found in the dataset.
2025-11-23 07:30:22,323 - src.book_recommender.ml.recommender - INFO - Recommender initialized with FAISS index containing 5 vectors.
2025-11-23 07:30:22,323 - src.book_recommender.ml.recommender - INFO - Found 1 recommendations for 'beta book'.
2025-11-23 07:32:06,865 - root - INFO - Logging configured. Level: INFO, Log File: logs\app.log
2025-11-23 07:32:06,952 - __main__ - ERROR - Application error: No module named 'src.embedder'
Traceback (most recent call last):
  File "C:\dev\books\src\book_recommender\apps\main_app.py", line 630, in main
    recommender = load_recommender()
                  ^^^^^^^^^^^^^^^^^^
  File "C:\dev\books\.venv\Lib\site-packages\streamlit\runtime\caching\cache_utils.py", line 227, in __call__
    return self._get_or_create_cached_value(args, kwargs, spinner_message)
           ^^^^^^^^^^^^^^^^^^^^^^^^^^^^^^^^^^^^^^^^^^^^^^^^^^^^^^^^^^^^^^^
  File "C:\dev\books\.venv\Lib\site-packages\streamlit\runtime\caching\cache_utils.py", line 269, in _get_or_create_cached_value
    return self._handle_cache_miss(cache, value_key, func_args, func_kwargs)
           ^^^^^^^^^^^^^^^^^^^^^^^^^^^^^^^^^^^^^^^^^^^^^^^^^^^^^^^^^^^^^^^^^
  File "C:\dev\books\.venv\Lib\site-packages\streamlit\runtime\caching\cache_utils.py", line 328, in _handle_cache_miss
    computed_value = self._info.func(*func_args, **func_kwargs)
                     ^^^^^^^^^^^^^^^^^^^^^^^^^^^^^^^^^^^^^^^^^^
  File "C:\dev\books\src\book_recommender\apps\main_app.py", line 344, in load_recommender
    from src.embedder import generate_embeddings
ModuleNotFoundError: No module named 'src.embedder'
2025-11-23 07:43:31,255 - root - INFO - Logging configured. Level: INFO, Log File: logs\app.log
2025-11-23 07:43:31,523 - __main__ - ERROR - Application error: Raw data file not found at: C:\dev\books\src\book_recommender\data\raw\books_prepared.csv
Traceback (most recent call last):
  File "C:\dev\books\src\book_recommender\apps\main_app.py", line 630, in main
    recommender = load_recommender()
                  ^^^^^^^^^^^^^^^^^^
  File "C:\dev\books\.venv\Lib\site-packages\streamlit\runtime\caching\cache_utils.py", line 227, in __call__
    return self._get_or_create_cached_value(args, kwargs, spinner_message)
           ^^^^^^^^^^^^^^^^^^^^^^^^^^^^^^^^^^^^^^^^^^^^^^^^^^^^^^^^^^^^^^^
  File "C:\dev\books\.venv\Lib\site-packages\streamlit\runtime\caching\cache_utils.py", line 269, in _get_or_create_cached_value
    return self._handle_cache_miss(cache, value_key, func_args, func_kwargs)
           ^^^^^^^^^^^^^^^^^^^^^^^^^^^^^^^^^^^^^^^^^^^^^^^^^^^^^^^^^^^^^^^^^
  File "C:\dev\books\.venv\Lib\site-packages\streamlit\runtime\caching\cache_utils.py", line 328, in _handle_cache_miss
    computed_value = self._info.func(*func_args, **func_kwargs)
                     ^^^^^^^^^^^^^^^^^^^^^^^^^^^^^^^^^^^^^^^^^^
  File "C:\dev\books\src\book_recommender\apps\main_app.py", line 347, in load_recommender
    raise DataNotFoundError(f"Raw data file not found at: {config.RAW_DATA_PATH}")
book_recommender.core.exceptions.DataNotFoundError: Raw data file not found at: C:\dev\books\src\book_recommender\data\raw\books_prepared.csv
2025-11-23 07:54:39,374 - root - INFO - Logging configured. Level: INFO, Log File: logs\app.log
2025-11-23 07:54:40,073 - src.book_recommender.data.processor - INFO - Loading raw data from C:\Users\alnic\AppData\Local\Temp\tmp_7w46irf\test_books.csv...
2025-11-23 07:54:40,165 - src.book_recommender.data.processor - INFO - Loaded 4 rows.
2025-11-23 07:54:40,165 - src.book_recommender.data.processor - INFO - Starting data cleaning and preparation...
2025-11-23 07:54:40,165 - src.book_recommender.data.processor - INFO - Found columns in CSV: ['title', 'authors', 'genres', 'description', 'tags']
2025-11-23 07:54:40,368 - src.book_recommender.data.processor - WARNING - No 'book_id' column found. Generated 'id' from DataFrame index.
2025-11-23 07:54:40,462 - src.book_recommender.data.processor - WARNING - Dropped 1 rows with missing titles.
2025-11-23 07:54:40,462 - src.book_recommender.data.processor - INFO - Creating 'combined_text' for embeddings with weighted fields...
2025-11-23 07:54:40,462 - src.book_recommender.data.processor - INFO - Saving processed data to C:\Users\alnic\AppData\Local\Temp\tmp_7w46irf\test_books_cleaned.parquet...
2025-11-23 07:54:41,617 - src.book_recommender.data.processor - INFO - Successfully saved 3 processed rows.
2025-11-23 07:54:41,669 - src.book_recommender.data.processor - INFO - Loading raw data from C:\Users\alnic\AppData\Local\Temp\tmpaxi01qct\test_books.csv...
2025-11-23 07:54:41,701 - src.book_recommender.data.processor - INFO - Loaded 0 rows.
2025-11-23 07:54:41,704 - src.book_recommender.data.processor - INFO - Starting data cleaning and preparation...
2025-11-23 07:54:41,704 - src.book_recommender.data.processor - INFO - Found columns in CSV: ['title', 'authors', 'genres', 'description', 'tags']
2025-11-23 07:54:41,708 - src.book_recommender.data.processor - WARNING - No 'book_id' column found. Generated 'id' from DataFrame index.
2025-11-23 07:54:41,714 - src.book_recommender.data.processor - ERROR - DataFrame is empty after cleaning. No valid book data to process.
2025-11-23 07:54:41,723 - src.book_recommender.data.processor - INFO - Loading raw data from C:\Users\alnic\AppData\Local\Temp\tmpi6r07cnn\test_books.csv...
2025-11-23 07:54:41,751 - src.book_recommender.data.processor - ERROR - Failed to parse CSV from C:\Users\alnic\AppData\Local\Temp\tmpi6r07cnn\test_books.csv: Error tokenizing data. C error: EOF inside string starting at row 2
2025-11-23 07:54:41,977 - src.book_recommender.data.processor - ERROR - Raw data file not found at: non_existent_file.csv
2025-11-23 07:54:41,993 - src.book_recommender.data.processor - INFO - Loading raw data from C:\Users\alnic\AppData\Local\Temp\tmpzii5xta0\test_books.csv...
2025-11-23 07:54:42,009 - src.book_recommender.data.processor - INFO - Loaded 3 rows.
2025-11-23 07:54:42,009 - src.book_recommender.data.processor - INFO - Starting data cleaning and preparation...
2025-11-23 07:54:42,009 - src.book_recommender.data.processor - INFO - Found columns in CSV: ['title', 'authors', 'genres', 'description', 'tags']
2025-11-23 07:54:42,025 - src.book_recommender.data.processor - WARNING - No 'book_id' column found. Generated 'id' from DataFrame index.
2025-11-23 07:54:42,033 - src.book_recommender.data.processor - INFO - Creating 'combined_text' for embeddings with weighted fields...
2025-11-23 07:54:42,033 - src.book_recommender.data.processor - INFO - Saving processed data to C:\Users\alnic\AppData\Local\Temp\tmpzii5xta0\test_books_cleaned.parquet...
2025-11-23 07:54:42,057 - src.book_recommender.data.processor - INFO - Successfully saved 3 processed rows.
2025-11-23 07:54:45,032 - src.book_recommender.ml.embedder - INFO - Loading sentence-transformer model: all-MiniLM-L6-v2...
2025-11-23 07:54:45,032 - sentence_transformers.SentenceTransformer - INFO - Load pretrained SentenceTransformer: all-MiniLM-L6-v2
2025-11-23 07:55:00,176 - src.book_recommender.ml.embedder - INFO - Model loaded successfully.
2025-11-23 07:55:00,176 - src.book_recommender.ml.embedder - INFO - Generating embeddings for 3 books...
2025-11-23 07:55:07,509 - src.book_recommender.ml.embedder - INFO - Embeddings generated with shape: (3, 384)
2025-11-23 07:55:07,607 - src.book_recommender.data.processor - INFO - Starting data cleaning and preparation...
2025-11-23 07:55:07,607 - src.book_recommender.data.processor - INFO - Found columns in CSV: ['title', 'authors', 'genres', 'description', 'tags']
2025-11-23 07:55:07,620 - src.book_recommender.data.processor - WARNING - No 'book_id' column found. Generated 'id' from DataFrame index.
2025-11-23 07:55:07,622 - src.book_recommender.data.processor - INFO - Creating 'combined_text' for embeddings with weighted fields...
2025-11-23 07:55:07,622 - src.book_recommender.ml.embedder - INFO - Generating embeddings for 4 books...
2025-11-23 07:55:07,906 - src.book_recommender.ml.embedder - INFO - Embeddings generated with shape: (4, 384)
2025-11-23 07:55:08,111 - src.book_recommender.ml.recommender - INFO - Recommender initialized with FAISS index containing 4 vectors.
2025-11-23 07:55:08,177 - src.book_recommender.ml.recommender - INFO - Found 1 recommendations for 'A Farewell to Arms'.
2025-11-23 07:55:08,238 - src.book_recommender.ml.recommender - INFO - Recommender initialized with FAISS index containing 5 vectors.
2025-11-23 07:55:08,238 - src.book_recommender.ml.recommender - INFO - Found 1 recommendations for 'alpha book'.
2025-11-23 07:55:08,243 - src.book_recommender.ml.recommender - INFO - Recommender initialized with FAISS index containing 5 vectors.
2025-11-23 07:55:08,243 - src.book_recommender.ml.recommender - WARNING - Title 'non existent book' not found in the dataset.
2025-11-23 07:55:08,243 - src.book_recommender.ml.recommender - INFO - Recommender initialized with FAISS index containing 5 vectors.
2025-11-23 07:55:08,243 - src.book_recommender.ml.recommender - INFO - Found 1 recommendations for 'beta book'.
2025-11-23 07:59:20,863 - root - INFO - Logging configured. Level: INFO, Log File: logs\app.log
2025-11-23 07:59:22,489 - book_recommender.ml.recommender - INFO - Recommender initialized with FAISS index containing 9870 vectors.
2025-11-23 07:59:22,501 - __main__ - INFO - Generating/Loading cluster data for Streamlit app...
2025-11-23 07:59:22,501 - book_recommender.ml.clustering - INFO - Starting K-Means clustering with 20 clusters...
2025-11-23 08:00:44,491 - book_recommender.ml.clustering - INFO - K-Means clustering completed.
2025-11-23 08:00:44,493 - book_recommender.ml.clustering - INFO - Generating descriptive names for clusters...
2025-11-23 08:00:44,689 - book_recommender.ml.clustering - INFO - Cluster names generated.
2025-11-23 08:00:44,691 - __main__ - INFO - Cluster data generated/loaded and cached for Streamlit app.
2025-11-23 08:00:46,977 - book_recommender.utils - INFO - Found Google Books cover for 'The Girl Who Played with Fire (Millennium, #2)'
2025-11-23 08:00:46,977 - book_recommender.utils - INFO - Found Google Books cover for 'Crime and Punishment'
2025-11-23 08:00:47,002 - book_recommender.utils - INFO - Found Google Books cover for 'In Cold Blood'
2025-11-23 08:00:47,079 - book_recommender.utils - INFO - Found Google Books cover for 'The Girl Who Kicked the Hornet's Nest (Millennium, #3)'
2025-11-23 08:00:47,081 - book_recommender.utils - INFO - Found Google Books cover for 'The Devil in the White City: Murder, Magic, and Madness at the Fair That Changed America'
2025-11-23 08:00:47,414 - book_recommender.utils - INFO - Found Google Books cover for 'Murder on the Orient Express (Hercule Poirot, #10)'
2025-11-23 08:00:47,414 - book_recommender.utils - INFO - Found Google Books cover for 'A Time to Kill (Jake Brigance, #1)'
2025-11-23 08:00:47,435 - book_recommender.utils - INFO - Found Google Books cover for 'The Da Vinci Code (Robert Langdon, #2)'
2025-11-23 08:00:48,660 - book_recommender.utils - INFO - Found Google Books cover for 'The Silence of the Lambs  (Hannibal Lecter, #2)'
2025-11-23 08:00:49,139 - book_recommender.utils - INFO - Found Google Books cover for 'Midnight in the Garden of Good and Evil'
2025-11-23 08:01:16,004 - root - INFO - Logging configured. Level: INFO, Log File: logs\app.log
2025-11-23 08:01:16,004 - root - INFO - Logging configured. Level: INFO, Log File: logs\app.log
2025-11-23 08:01:16,041 - book_recommender.ml.embedder - INFO - Loading sentence-transformer model: all-MiniLM-L6-v2...
2025-11-23 08:01:16,041 - book_recommender.ml.embedder - INFO - Loading sentence-transformer model: all-MiniLM-L6-v2...
2025-11-23 08:01:16,042 - sentence_transformers.SentenceTransformer - INFO - Load pretrained SentenceTransformer: all-MiniLM-L6-v2
2025-11-23 08:01:16,042 - sentence_transformers.SentenceTransformer - INFO - Load pretrained SentenceTransformer: all-MiniLM-L6-v2
2025-11-23 08:01:18,975 - root - INFO - Logging configured. Level: INFO, Log File: logs\app.log
2025-11-23 08:01:18,985 - book_recommender.ml.embedder - INFO - Loading sentence-transformer model: all-MiniLM-L6-v2...
2025-11-23 08:01:18,985 - sentence_transformers.SentenceTransformer - INFO - Load pretrained SentenceTransformer: all-MiniLM-L6-v2
2025-11-23 08:01:35,252 - book_recommender.ml.embedder - INFO - Model loaded successfully.
2025-11-23 08:01:35,252 - book_recommender.ml.embedder - INFO - Model loaded successfully.
2025-11-23 08:01:35,252 - book_recommender.ml.embedder - INFO - Generating embedding for query: 'A psychological thriller with unexpected twists...'
2025-11-23 08:01:35,267 - book_recommender.ml.embedder - INFO - Generating embedding for query: 'A psychological thriller with unexpected twists...'
2025-11-23 08:01:43,033 - root - INFO - Logging configured. Level: INFO, Log File: logs\app.log
2025-11-23 08:01:44,428 - book_recommender.utils - INFO - Found Google Books cover for 'Automaton'
2025-11-23 08:01:44,613 - book_recommender.utils - INFO - Found Google Books cover for 'Twisted Love'
2025-11-23 08:01:44,681 - book_recommender.utils - INFO - Found Google Books cover for 'Betrayal'
2025-11-23 08:01:44,735 - book_recommender.utils - INFO - Found Google Books cover for 'The Fear Index'
2025-11-23 08:01:44,803 - book_recommender.utils - INFO - Found Google Books cover for 'Disclaimer'
2025-11-23 08:01:45,033 - book_recommender.utils - INFO - Found Google Books cover for 'Unparalleled'
2025-11-23 08:01:45,050 - book_recommender.utils - INFO - Found Google Books cover for 'Twisted'
2025-11-23 08:01:45,240 - book_recommender.utils - INFO - Found Google Books cover for 'The Scare'
2025-11-23 08:01:45,682 - book_recommender.utils - INFO - Found Google Books cover for 'Crime'
2025-11-23 08:01:45,954 - book_recommender.utils - INFO - Found Google Books cover for 'Dark Rooms'
2025-11-23 08:01:46,141 - book_recommender.ml.explainability - INFO - Generating explanation for 'Disclaimer' based on query 'A psychological thriller with unexpected twists'
2025-11-23 08:01:46,155 - book_recommender.ml.explainability - INFO - Generating explanation for 'Twisted (Sinister Tales, #2)' based on query 'A psychological thriller with unexpected twists'
2025-11-23 08:01:46,181 - book_recommender.ml.explainability - INFO - Generating explanation for 'Twisted Love' based on query 'A psychological thriller with unexpected twists'
2025-11-23 08:01:46,186 - book_recommender.ml.explainability - INFO - Generating explanation for 'The Scare' based on query 'A psychological thriller with unexpected twists'
2025-11-23 08:01:46,272 - book_recommender.ml.explainability - INFO - Generating explanation for 'Midnight Obsession (Midnight, #4)' based on query 'A psychological thriller with unexpected twists'
2025-11-23 08:01:46,291 - book_recommender.ml.explainability - INFO - Generating explanation for 'Unparalleled' based on query 'A psychological thriller with unexpected twists'
2025-11-23 08:01:46,308 - book_recommender.ml.explainability - INFO - Generating explanation for 'Twisted' based on query 'A psychological thriller with unexpected twists'
2025-11-23 08:01:46,310 - book_recommender.ml.explainability - INFO - Generating explanation for 'Automaton' based on query 'A psychological thriller with unexpected twists'
2025-11-23 08:01:46,325 - book_recommender.ml.explainability - INFO - Generating explanation for 'Betrayal' based on query 'A psychological thriller with unexpected twists'
2025-11-23 08:01:46,339 - book_recommender.ml.explainability - INFO - Generating explanation for 'The Fear Index' based on query 'A psychological thriller with unexpected twists'
2025-11-23 08:01:46,357 - book_recommender.ml.explainability - INFO - Generating explanation for 'Crime' based on query 'A psychological thriller with unexpected twists'
2025-11-23 08:01:46,371 - book_recommender.ml.explainability - INFO - Generating explanation for 'Dark Rooms' based on query 'A psychological thriller with unexpected twists'
2025-11-23 08:05:21,062 - root - INFO - Logging configured. Level: INFO, Log File: logs\app.log
2025-11-23 08:05:21,097 - book_recommender.ml.explainability - INFO - Generating explanation for 'Disclaimer' based on query 'A psychological thriller with unexpected twists'
2025-11-23 08:05:21,166 - book_recommender.ml.feedback - INFO - Feedback saved: positive for 'Disclaimer'
2025-11-23 08:05:21,190 - book_recommender.ml.explainability - INFO - Generating explanation for 'Twisted (Sinister Tales, #2)' based on query 'A psychological thriller with unexpected twists'
2025-11-23 08:05:21,208 - book_recommender.ml.explainability - INFO - Generating explanation for 'Twisted Love' based on query 'A psychological thriller with unexpected twists'
2025-11-23 08:05:21,226 - book_recommender.ml.explainability - INFO - Generating explanation for 'The Scare' based on query 'A psychological thriller with unexpected twists'
2025-11-23 08:05:21,242 - book_recommender.ml.explainability - INFO - Generating explanation for 'Midnight Obsession (Midnight, #4)' based on query 'A psychological thriller with unexpected twists'
2025-11-23 08:05:21,264 - book_recommender.ml.explainability - INFO - Generating explanation for 'Unparalleled' based on query 'A psychological thriller with unexpected twists'
2025-11-23 08:05:21,344 - book_recommender.ml.explainability - INFO - Generating explanation for 'Twisted' based on query 'A psychological thriller with unexpected twists'
2025-11-23 08:05:21,367 - book_recommender.ml.explainability - INFO - Generating explanation for 'Automaton' based on query 'A psychological thriller with unexpected twists'
2025-11-23 08:05:21,395 - book_recommender.ml.explainability - INFO - Generating explanation for 'Betrayal' based on query 'A psychological thriller with unexpected twists'
2025-11-23 08:05:21,414 - book_recommender.ml.explainability - INFO - Generating explanation for 'The Fear Index' based on query 'A psychological thriller with unexpected twists'
2025-11-23 08:05:21,424 - book_recommender.ml.explainability - INFO - Generating explanation for 'Crime' based on query 'A psychological thriller with unexpected twists'
2025-11-23 08:05:21,432 - book_recommender.ml.explainability - INFO - Generating explanation for 'Dark Rooms' based on query 'A psychological thriller with unexpected twists'
2025-11-23 08:13:49,388 - root - INFO - Logging configured. Level: INFO, Log File: logs\app.log
2025-11-23 08:13:49,414 - book_recommender.ml.embedder - INFO - Generating embedding for query: 'dan brown...'
2025-11-23 08:13:49,829 - root - INFO - Logging configured. Level: INFO, Log File: logs\app.log
2025-11-23 08:13:49,849 - book_recommender.ml.embedder - INFO - Generating embedding for query: 'dan brown...'
2025-11-23 08:14:34,555 - root - INFO - Logging configured. Level: INFO, Log File: logs\app.log
2025-11-23 08:14:34,580 - book_recommender.ml.embedder - INFO - Generating embedding for query: 'catholic, murder...'
2025-11-23 08:14:34,809 - root - INFO - Logging configured. Level: INFO, Log File: logs\app.log
2025-11-23 08:14:34,817 - root - INFO - Logging configured. Level: INFO, Log File: logs\app.log
2025-11-23 08:14:34,994 - book_recommender.ml.embedder - INFO - Generating embedding for query: 'catholic, murder...'
2025-11-23 08:14:35,174 - root - INFO - Logging configured. Level: INFO, Log File: logs\app.log
2025-11-23 08:14:36,973 - book_recommender.utils - INFO - Found Google Books cover for 'Dodging Satan: My Irish/Italian, Sometimes Awesome, But Mostly Creepy, Childhood'
2025-11-23 08:14:37,127 - book_recommender.utils - INFO - Found Google Books cover for 'Tortured for Christ'
2025-11-23 08:14:37,380 - book_recommender.utils - INFO - Found Google Books cover for 'The Convent'
2025-11-23 08:14:37,382 - book_recommender.utils - INFO - Found Google Books cover for 'Rapture in Death (In Death, #4)'
2025-11-23 08:14:37,383 - book_recommender.utils - INFO - Found Google Books cover for 'Murder at the Vicarage'
2025-11-23 08:14:37,384 - book_recommender.utils - INFO - Found Google Books cover for 'Legion'
2025-11-23 08:14:37,504 - book_recommender.utils - INFO - Found Google Books cover for 'The Ultimate Religion'
2025-11-23 08:14:37,541 - book_recommender.utils - INFO - Found Google Books cover for 'The Heresy'
2025-11-23 08:14:37,588 - book_recommender.utils - INFO - Found Google Books cover for 'Salvation in Death (In Death, #27)'
2025-11-23 08:14:37,742 - book_recommender.utils - INFO - Found Google Books cover for 'Murder in the Cathedral'
2025-11-23 08:14:38,141 - book_recommender.utils - INFO - Found Google Books cover for 'Murder Must Advertise  (Lord Peter Wimsey, #8)'
2025-11-23 08:14:40,057 - book_recommender.ml.explainability - INFO - Generating explanation for 'Salvation in Death (In Death, #27)' based on query 'catholic, murder'
2025-11-23 08:14:40,072 - book_recommender.ml.explainability - INFO - Generating explanation for 'The Convent' based on query 'catholic, murder'
2025-11-23 08:14:40,090 - book_recommender.ml.explainability - INFO - Generating explanation for 'The Heresy' based on query 'catholic, murder'
2025-11-23 08:14:40,105 - book_recommender.ml.explainability - INFO - Generating explanation for 'Murder in the Cathedral' based on query 'catholic, murder'
2025-11-23 08:14:40,127 - book_recommender.ml.explainability - INFO - Generating explanation for 'Legion' based on query 'catholic, murder'
2025-11-23 08:14:40,141 - book_recommender.ml.explainability - INFO - Generating explanation for 'Rapture in Death (In Death, #4)' based on query 'catholic, murder'
2025-11-23 08:14:40,158 - book_recommender.ml.explainability - INFO - Generating explanation for 'Murder at the Vicarage' based on query 'catholic, murder'
2025-11-23 08:14:40,176 - book_recommender.ml.explainability - INFO - Generating explanation for 'The Ultimate Religion' based on query 'catholic, murder'
2025-11-23 08:14:40,191 - book_recommender.ml.explainability - INFO - Generating explanation for 'Dodging Satan: My Irish/Italian, Sometimes Awesome, But Mostly Creepy, Childhood' based on query 'catholic, murder'
2025-11-23 08:14:40,209 - book_recommender.ml.explainability - INFO - Generating explanation for 'Tortured for Christ' based on query 'catholic, murder'
2025-11-23 08:14:40,223 - book_recommender.ml.explainability - INFO - Generating explanation for 'Murder Must Advertise  (Lord Peter Wimsey, #8)' based on query 'catholic, murder'
2025-11-23 08:14:40,237 - book_recommender.ml.explainability - INFO - Generating explanation for 'Death in Holy Orders (Adam Dalgliesh, #11)' based on query 'catholic, murder'
2025-11-23 08:20:59,967 - root - INFO - Logging configured. Level: INFO, Log File: logs\app.log
2025-11-23 08:21:02,979 - src.book_recommender.data.processor - INFO - Loading raw data from C:\Users\alnic\AppData\Local\Temp\tmpwbq2b20n\test_books.csv...
2025-11-23 08:21:03,075 - src.book_recommender.data.processor - INFO - Loaded 4 rows.
2025-11-23 08:21:03,075 - src.book_recommender.data.processor - INFO - Starting data cleaning and preparation...
2025-11-23 08:21:03,075 - src.book_recommender.data.processor - INFO - Found columns in CSV: ['title', 'authors', 'genres', 'description', 'tags']
2025-11-23 08:21:03,139 - src.book_recommender.data.processor - WARNING - No 'book_id' column found. Generated 'id' from DataFrame index.
2025-11-23 08:21:03,202 - src.book_recommender.data.processor - WARNING - Dropped 1 rows with missing titles.
2025-11-23 08:21:03,202 - src.book_recommender.data.processor - INFO - Creating 'combined_text' for embeddings with weighted fields...
2025-11-23 08:21:03,202 - src.book_recommender.data.processor - INFO - Saving processed data to C:\Users\alnic\AppData\Local\Temp\tmpwbq2b20n\test_books_cleaned.parquet...
2025-11-23 08:21:04,177 - src.book_recommender.data.processor - INFO - Successfully saved 3 processed rows.
2025-11-23 08:21:04,352 - src.book_recommender.data.processor - INFO - Loading raw data from C:\Users\alnic\AppData\Local\Temp\tmpmyovrlj4\test_books.csv...
2025-11-23 08:21:04,368 - src.book_recommender.data.processor - INFO - Loaded 0 rows.
2025-11-23 08:21:04,368 - src.book_recommender.data.processor - INFO - Starting data cleaning and preparation...
2025-11-23 08:21:04,368 - src.book_recommender.data.processor - INFO - Found columns in CSV: ['title', 'authors', 'genres', 'description', 'tags']
2025-11-23 08:21:04,370 - src.book_recommender.data.processor - WARNING - No 'book_id' column found. Generated 'id' from DataFrame index.
2025-11-23 08:21:04,374 - src.book_recommender.data.processor - ERROR - DataFrame is empty after cleaning. No valid book data to process.
2025-11-23 08:21:04,374 - src.book_recommender.data.processor - INFO - Loading raw data from C:\Users\alnic\AppData\Local\Temp\tmp4ijxusjo\test_books.csv...
2025-11-23 08:21:04,512 - src.book_recommender.data.processor - ERROR - Failed to parse CSV from C:\Users\alnic\AppData\Local\Temp\tmp4ijxusjo\test_books.csv: Error tokenizing data. C error: EOF inside string starting at row 2
2025-11-23 08:21:05,485 - src.book_recommender.data.processor - ERROR - Raw data file not found at: non_existent_file.csv
2025-11-23 08:21:05,501 - src.book_recommender.data.processor - INFO - Loading raw data from C:\Users\alnic\AppData\Local\Temp\tmp1nrdowyb\test_books.csv...
2025-11-23 08:21:05,501 - src.book_recommender.data.processor - INFO - Loaded 3 rows.
2025-11-23 08:21:05,501 - src.book_recommender.data.processor - INFO - Starting data cleaning and preparation...
2025-11-23 08:21:05,505 - src.book_recommender.data.processor - INFO - Found columns in CSV: ['title', 'authors', 'genres', 'description', 'tags']
2025-11-23 08:21:05,505 - src.book_recommender.data.processor - WARNING - No 'book_id' column found. Generated 'id' from DataFrame index.
2025-11-23 08:21:05,505 - src.book_recommender.data.processor - INFO - Creating 'combined_text' for embeddings with weighted fields...
2025-11-23 08:21:05,505 - src.book_recommender.data.processor - INFO - Saving processed data to C:\Users\alnic\AppData\Local\Temp\tmp1nrdowyb\test_books_cleaned.parquet...
2025-11-23 08:21:05,516 - src.book_recommender.data.processor - INFO - Successfully saved 3 processed rows.
2025-11-23 08:21:05,532 - src.book_recommender.ml.embedder - INFO - Loading sentence-transformer model: all-MiniLM-L6-v2...
2025-11-23 08:21:05,532 - sentence_transformers.SentenceTransformer - INFO - Load pretrained SentenceTransformer: all-MiniLM-L6-v2
2025-11-23 08:21:10,315 - src.book_recommender.ml.embedder - INFO - Model loaded successfully.
2025-11-23 08:21:10,317 - src.book_recommender.ml.embedder - INFO - Generating embeddings for 3 books...
2025-11-23 08:21:10,756 - src.book_recommender.ml.embedder - INFO - Embeddings generated with shape: (3, 384)
2025-11-23 08:21:11,272 - src.book_recommender.data.processor - INFO - Starting data cleaning and preparation...
2025-11-23 08:21:11,272 - src.book_recommender.data.processor - INFO - Found columns in CSV: ['title', 'authors', 'genres', 'description', 'tags']
2025-11-23 08:21:11,272 - src.book_recommender.data.processor - WARNING - No 'book_id' column found. Generated 'id' from DataFrame index.
2025-11-23 08:21:11,272 - src.book_recommender.data.processor - INFO - Creating 'combined_text' for embeddings with weighted fields...
2025-11-23 08:21:11,272 - src.book_recommender.ml.embedder - INFO - Generating embeddings for 4 books...
2025-11-23 08:21:11,474 - src.book_recommender.ml.embedder - INFO - Embeddings generated with shape: (4, 384)
2025-11-23 08:21:11,523 - src.book_recommender.ml.recommender - INFO - Recommender initialized with FAISS index containing 4 vectors.
2025-11-23 08:21:11,523 - src.book_recommender.ml.recommender - INFO - Found 1 recommendations for 'A Farewell to Arms'.
2025-11-23 08:21:11,553 - src.book_recommender.ml.recommender - INFO - Recommender initialized with FAISS index containing 5 vectors.
2025-11-23 08:21:11,554 - src.book_recommender.ml.recommender - INFO - Found 1 recommendations for 'alpha book'.
2025-11-23 08:21:11,560 - src.book_recommender.ml.recommender - INFO - Recommender initialized with FAISS index containing 5 vectors.
2025-11-23 08:21:11,560 - src.book_recommender.ml.recommender - WARNING - Title 'non existent book' not found in the dataset.
2025-11-23 08:21:11,564 - src.book_recommender.ml.recommender - INFO - Recommender initialized with FAISS index containing 5 vectors.
2025-11-23 08:21:11,565 - src.book_recommender.ml.recommender - INFO - Found 1 recommendations for 'beta book'.
2025-11-23 08:24:52,629 - root - INFO - Logging configured. Level: INFO, Log File: logs\app.log
2025-11-23 08:24:53,598 - src.book_recommender.data.processor - INFO - Loading raw data from C:\Users\alnic\AppData\Local\Temp\tmpjmh0woka\test_books.csv...
2025-11-23 08:24:53,603 - src.book_recommender.data.processor - INFO - Loaded 4 rows.
2025-11-23 08:24:53,603 - src.book_recommender.data.processor - INFO - Starting data cleaning and preparation...
2025-11-23 08:24:53,605 - src.book_recommender.data.processor - INFO - Found columns in CSV: ['title', 'authors', 'genres', 'description', 'tags']
2025-11-23 08:24:53,612 - src.book_recommender.data.processor - WARNING - No 'book_id' column found. Generated 'id' from DataFrame index.
2025-11-23 08:24:53,628 - src.book_recommender.data.processor - WARNING - Dropped 1 rows with missing titles.
2025-11-23 08:24:53,628 - src.book_recommender.data.processor - INFO - Creating 'combined_text' for embeddings with weighted fields...
2025-11-23 08:24:53,631 - src.book_recommender.data.processor - INFO - Saving processed data to C:\Users\alnic\AppData\Local\Temp\tmpjmh0woka\test_books_cleaned.parquet...
2025-11-23 08:24:53,663 - src.book_recommender.data.processor - INFO - Successfully saved 3 processed rows.
2025-11-23 08:24:53,713 - src.book_recommender.data.processor - INFO - Loading raw data from C:\Users\alnic\AppData\Local\Temp\tmp3yc_objy\test_books.csv...
2025-11-23 08:24:53,723 - src.book_recommender.data.processor - INFO - Loaded 0 rows.
2025-11-23 08:24:53,723 - src.book_recommender.data.processor - INFO - Starting data cleaning and preparation...
2025-11-23 08:24:53,724 - src.book_recommender.data.processor - INFO - Found columns in CSV: ['title', 'authors', 'genres', 'description', 'tags']
2025-11-23 08:24:53,728 - src.book_recommender.data.processor - WARNING - No 'book_id' column found. Generated 'id' from DataFrame index.
2025-11-23 08:24:53,740 - src.book_recommender.data.processor - ERROR - DataFrame is empty after cleaning. No valid book data to process.
2025-11-23 08:24:53,761 - src.book_recommender.data.processor - INFO - Loading raw data from C:\Users\alnic\AppData\Local\Temp\tmp3btj7_tc\test_books.csv...
2025-11-23 08:24:53,764 - src.book_recommender.data.processor - ERROR - Failed to parse CSV from C:\Users\alnic\AppData\Local\Temp\tmp3btj7_tc\test_books.csv: Error tokenizing data. C error: EOF inside string starting at row 2
2025-11-23 08:24:53,957 - src.book_recommender.data.processor - ERROR - Raw data file not found at: non_existent_file.csv
2025-11-23 08:24:53,983 - src.book_recommender.data.processor - INFO - Loading raw data from C:\Users\alnic\AppData\Local\Temp\tmp6u39_7ki\test_books.csv...
2025-11-23 08:24:53,991 - src.book_recommender.data.processor - INFO - Loaded 3 rows.
2025-11-23 08:24:53,992 - src.book_recommender.data.processor - INFO - Starting data cleaning and preparation...
2025-11-23 08:24:53,993 - src.book_recommender.data.processor - INFO - Found columns in CSV: ['title', 'authors', 'genres', 'description', 'tags']
2025-11-23 08:24:53,998 - src.book_recommender.data.processor - WARNING - No 'book_id' column found. Generated 'id' from DataFrame index.
2025-11-23 08:24:54,015 - src.book_recommender.data.processor - INFO - Creating 'combined_text' for embeddings with weighted fields...
2025-11-23 08:24:54,018 - src.book_recommender.data.processor - INFO - Saving processed data to C:\Users\alnic\AppData\Local\Temp\tmp6u39_7ki\test_books_cleaned.parquet...
2025-11-23 08:24:54,044 - src.book_recommender.data.processor - INFO - Successfully saved 3 processed rows.
2025-11-23 08:24:54,061 - src.book_recommender.ml.embedder - INFO - Loading sentence-transformer model: all-MiniLM-L6-v2...
2025-11-23 08:24:54,061 - sentence_transformers.SentenceTransformer - INFO - Load pretrained SentenceTransformer: all-MiniLM-L6-v2
2025-11-23 08:24:58,692 - src.book_recommender.ml.embedder - INFO - Model loaded successfully.
2025-11-23 08:24:58,693 - src.book_recommender.ml.embedder - INFO - Generating embeddings for 3 books...
2025-11-23 08:24:58,769 - src.book_recommender.ml.embedder - INFO - Embeddings generated with shape: (3, 384)
2025-11-23 08:24:58,811 - src.book_recommender.data.processor - INFO - Starting data cleaning and preparation...
2025-11-23 08:24:58,811 - src.book_recommender.data.processor - INFO - Found columns in CSV: ['title', 'authors', 'genres', 'description', 'tags']
2025-11-23 08:24:58,815 - src.book_recommender.data.processor - WARNING - No 'book_id' column found. Generated 'id' from DataFrame index.
2025-11-23 08:24:58,820 - src.book_recommender.data.processor - INFO - Creating 'combined_text' for embeddings with weighted fields...
2025-11-23 08:24:58,822 - src.book_recommender.ml.embedder - INFO - Generating embeddings for 4 books...
2025-11-23 08:24:58,956 - src.book_recommender.ml.embedder - INFO - Embeddings generated with shape: (4, 384)
2025-11-23 08:24:58,958 - src.book_recommender.ml.recommender - INFO - Recommender initialized with FAISS index containing 4 vectors.
2025-11-23 08:24:58,959 - src.book_recommender.ml.recommender - INFO - Found 1 recommendations for 'A Farewell to Arms'.
2025-11-23 08:24:58,965 - src.book_recommender.ml.recommender - INFO - Recommender initialized with FAISS index containing 5 vectors.
2025-11-23 08:24:58,966 - src.book_recommender.ml.recommender - INFO - Found 1 recommendations for 'alpha book'.
2025-11-23 08:24:58,975 - src.book_recommender.ml.recommender - INFO - Recommender initialized with FAISS index containing 5 vectors.
2025-11-23 08:24:58,975 - src.book_recommender.ml.recommender - WARNING - Title 'non existent book' not found in the dataset.
2025-11-23 08:24:58,984 - src.book_recommender.ml.recommender - INFO - Recommender initialized with FAISS index containing 5 vectors.
2025-11-23 08:24:58,984 - src.book_recommender.ml.recommender - INFO - Found 1 recommendations for 'beta book'.
2025-11-23 08:42:29,894 - root - INFO - Logging configured. Level: INFO, Log File: logs\app.log
2025-11-23 08:42:30,643 - src.book_recommender.data.processor - INFO - Loading raw data from C:\Users\alnic\AppData\Local\Temp\tmpunfkp384\test_books.csv...
2025-11-23 08:42:30,649 - src.book_recommender.data.processor - INFO - Loaded 4 rows.
2025-11-23 08:42:30,649 - src.book_recommender.data.processor - INFO - Starting data cleaning and preparation...
2025-11-23 08:42:30,649 - src.book_recommender.data.processor - INFO - Found columns in CSV: ['title', 'authors', 'genres', 'description', 'tags']
2025-11-23 08:42:30,651 - src.book_recommender.data.processor - WARNING - No 'book_id' column found. Generated 'id' from DataFrame index.
2025-11-23 08:42:30,651 - src.book_recommender.data.processor - WARNING - Dropped 1 rows with missing titles.
2025-11-23 08:42:30,651 - src.book_recommender.data.processor - INFO - Creating 'combined_text' for embeddings with weighted fields...
2025-11-23 08:42:30,651 - src.book_recommender.data.processor - INFO - Saving processed data to C:\Users\alnic\AppData\Local\Temp\tmpunfkp384\test_books_cleaned.parquet...
2025-11-23 08:42:30,901 - src.book_recommender.data.processor - INFO - Successfully saved 3 processed rows.
2025-11-23 08:42:30,908 - src.book_recommender.data.processor - INFO - Loading raw data from C:\Users\alnic\AppData\Local\Temp\tmpsrwbkqf8\test_books.csv...
2025-11-23 08:42:30,908 - src.book_recommender.data.processor - INFO - Loaded 0 rows.
2025-11-23 08:42:30,908 - src.book_recommender.data.processor - INFO - Starting data cleaning and preparation...
2025-11-23 08:42:30,908 - src.book_recommender.data.processor - INFO - Found columns in CSV: ['title', 'authors', 'genres', 'description', 'tags']
2025-11-23 08:42:30,908 - src.book_recommender.data.processor - WARNING - No 'book_id' column found. Generated 'id' from DataFrame index.
2025-11-23 08:42:30,908 - src.book_recommender.data.processor - ERROR - DataFrame is empty after cleaning. No valid book data to process.
2025-11-23 08:42:30,923 - src.book_recommender.data.processor - INFO - Loading raw data from C:\Users\alnic\AppData\Local\Temp\tmpzbx_h0at\test_books.csv...
2025-11-23 08:42:30,930 - src.book_recommender.data.processor - ERROR - Failed to parse CSV from C:\Users\alnic\AppData\Local\Temp\tmpzbx_h0at\test_books.csv: Error tokenizing data. C error: EOF inside string starting at row 2
2025-11-23 08:42:31,052 - src.book_recommender.data.processor - ERROR - Raw data file not found at: non_existent_file.csv
2025-11-23 08:42:31,066 - src.book_recommender.data.processor - INFO - Loading raw data from C:\Users\alnic\AppData\Local\Temp\tmpex5o51qt\test_books.csv...
2025-11-23 08:42:31,078 - src.book_recommender.data.processor - INFO - Loaded 3 rows.
2025-11-23 08:42:31,078 - src.book_recommender.data.processor - INFO - Starting data cleaning and preparation...
2025-11-23 08:42:31,078 - src.book_recommender.data.processor - INFO - Found columns in CSV: ['title', 'authors', 'genres', 'description', 'tags']
2025-11-23 08:42:31,082 - src.book_recommender.data.processor - WARNING - No 'book_id' column found. Generated 'id' from DataFrame index.
2025-11-23 08:42:31,082 - src.book_recommender.data.processor - INFO - Creating 'combined_text' for embeddings with weighted fields...
2025-11-23 08:42:31,082 - src.book_recommender.data.processor - INFO - Saving processed data to C:\Users\alnic\AppData\Local\Temp\tmpex5o51qt\test_books_cleaned.parquet...
2025-11-23 08:42:31,082 - src.book_recommender.data.processor - INFO - Successfully saved 3 processed rows.
2025-11-23 08:42:31,082 - src.book_recommender.ml.embedder - INFO - Loading sentence-transformer model: all-MiniLM-L6-v2...
2025-11-23 08:42:31,082 - sentence_transformers.SentenceTransformer - INFO - Load pretrained SentenceTransformer: all-MiniLM-L6-v2
2025-11-23 08:42:35,755 - src.book_recommender.ml.embedder - INFO - Model loaded successfully.
2025-11-23 08:42:35,755 - src.book_recommender.ml.embedder - INFO - Generating embeddings for 3 books...
2025-11-23 08:42:35,966 - src.book_recommender.ml.embedder - INFO - Embeddings generated with shape: (3, 384)
2025-11-23 08:42:35,981 - src.book_recommender.data.processor - INFO - Starting data cleaning and preparation...
2025-11-23 08:42:35,981 - src.book_recommender.data.processor - INFO - Found columns in CSV: ['title', 'authors', 'genres', 'description', 'tags']
2025-11-23 08:42:35,981 - src.book_recommender.data.processor - WARNING - No 'book_id' column found. Generated 'id' from DataFrame index.
2025-11-23 08:42:35,981 - src.book_recommender.data.processor - INFO - Creating 'combined_text' for embeddings with weighted fields...
2025-11-23 08:42:35,981 - src.book_recommender.ml.embedder - INFO - Generating embeddings for 4 books...
2025-11-23 08:42:36,092 - src.book_recommender.ml.embedder - INFO - Embeddings generated with shape: (4, 384)
2025-11-23 08:42:36,093 - src.book_recommender.ml.recommender - INFO - Recommender initialized with FAISS index containing 4 vectors.
2025-11-23 08:42:36,093 - src.book_recommender.ml.recommender - INFO - Found 1 recommendations for 'A Farewell to Arms'.
2025-11-23 08:42:36,128 - src.book_recommender.ml.recommender - INFO - Recommender initialized with FAISS index containing 5 vectors.
2025-11-23 08:42:36,128 - src.book_recommender.ml.recommender - INFO - Found 1 recommendations for 'alpha book'.
2025-11-23 08:42:36,130 - src.book_recommender.ml.recommender - INFO - Recommender initialized with FAISS index containing 5 vectors.
2025-11-23 08:42:36,130 - src.book_recommender.ml.recommender - WARNING - Title 'non existent book' not found in the dataset.
2025-11-23 08:42:36,136 - src.book_recommender.ml.recommender - INFO - Recommender initialized with FAISS index containing 5 vectors.
2025-11-23 08:42:36,136 - src.book_recommender.ml.recommender - INFO - Found 1 recommendations for 'beta book'.
